<?xml version="1.0" encoding="UTF-8"?>
<!-- Generated by org.testng.reporters.JUnitXMLReporter -->
<testsuite ignored="0" hostname="Reka" failures="0" tests="4" name="Test" time="1.087" errors="0" timestamp="2025-03-24T11:15:22 CDT">
  <testcase classname="testRunner.TestNgRunner" name="runScenario" time="0.066"/>
  <testcase classname="testRunner.TestNgRunner" name="runScenario" time="0.066"/>
  <testcase classname="testRunner.TestNgRunner" name="runScenario" time="0.066"/>
  <testcase classname="testRunner.TestNgRunner" name="runScenario" time="0.066"/>
</testsuite> <!-- Test -->
