<?xml version="1.0" encoding="UTF-8"?>
<testng-results ignored="0" total="8" passed="8" failed="0" skipped="0">
  <reporter-output>
  </reporter-output>
  <suite started-at="2025-03-24T15:57:39 CDT" name="Suite" finished-at="2025-03-24T15:57:39 CDT" duration-ms="17">
    <groups>
    </groups>
    <test started-at="2025-03-24T15:57:39 CDT" name="Test" finished-at="2025-03-24T15:57:39 CDT" duration-ms="17">
    </test> <!-- Test -->
  </suite> <!-- Suite -->
  <suite started-at="2025-03-24T15:57:40 CDT" name="Cross Browser Suite" finished-at="2025-03-24T15:58:49 CDT" duration-ms="69562">
    <groups>
      <group name="cucumber">
        <method signature="AbstractTestNGCucumberTests.runScenario(io.cucumber.testng.PickleWrapper,io.cucumber.testng.FeatureWrapper)[pri:0, instance:testRunner.TestNgRunner@29629fbb]" name="runScenario" class="io.cucumber.testng.AbstractTestNGCucumberTests"/>
        <method signature="AbstractTestNGCucumberTests.runScenario(io.cucumber.testng.PickleWrapper,io.cucumber.testng.FeatureWrapper)[pri:0, instance:testRunner.TestNgRunner@61f80d55]" name="runScenario" class="io.cucumber.testng.AbstractTestNGCucumberTests"/>
      </group> <!-- cucumber -->
    </groups>
    <test started-at="2025-03-24T15:57:40 CDT" name="Chrome TestNgRunner Testng" finished-at="2025-03-24T15:58:15 CDT" duration-ms="35746">
      <class name="testRunner.TestNgRunner">
        <test-method is-config="true" signature="setUpClass(org.testng.ITestContext)[pri:0, instance:testRunner.TestNgRunner@29629fbb]" started-at="2025-03-24T15:57:40 CDT" name="setUpClass" finished-at="2025-03-24T15:57:40 CDT" duration-ms="517" status="PASS">
          <params>
            <param index="0">
              <value>
                <![CDATA[org.testng.TestRunner@44550792]]>
              </value>
            </param>
          </params>
          <reporter-output>
          </reporter-output>
        </test-method> <!-- setUpClass -->
        <test-method is-config="true" signature="setBrowser(java.lang.String)[pri:0, instance:testRunner.TestNgRunner@29629fbb]" started-at="2025-03-24T15:57:40 CDT" name="setBrowser" finished-at="2025-03-24T15:57:40 CDT" duration-ms="3" status="PASS">
          <params>
            <param index="0">
              <value>
                <![CDATA[chrome]]>
              </value>
            </param>
          </params>
          <reporter-output>
          </reporter-output>
        </test-method> <!-- setBrowser -->
        <test-method signature="runScenario(io.cucumber.testng.PickleWrapper,io.cucumber.testng.FeatureWrapper)[pri:0, instance:testRunner.TestNgRunner@29629fbb]" started-at="2025-03-24T15:57:40 CDT" name="runScenario" description="Runs Cucumber Scenarios" data-provider="scenarios" finished-at="2025-03-24T15:57:50 CDT" duration-ms="9571" status="PASS">
          <params>
            <param index="0">
              <value>
                <![CDATA["Login with credentails"]]>
              </value>
            </param>
            <param index="1">
              <value>
                <![CDATA["Register in to the website"]]>
              </value>
            </param>
          </params>
          <reporter-output>
          </reporter-output>
        </test-method> <!-- runScenario -->
        <test-method signature="runScenario(io.cucumber.testng.PickleWrapper,io.cucumber.testng.FeatureWrapper)[pri:0, instance:testRunner.TestNgRunner@29629fbb]" started-at="2025-03-24T15:57:50 CDT" name="runScenario" description="Runs Cucumber Scenarios" data-provider="scenarios" finished-at="2025-03-24T15:57:57 CDT" duration-ms="6852" status="PASS">
          <params>
            <param index="0">
              <value>
                <![CDATA["Open New Account"]]>
              </value>
            </param>
            <param index="1">
              <value>
                <![CDATA["I open new account"]]>
              </value>
            </param>
          </params>
          <reporter-output>
          </reporter-output>
        </test-method> <!-- runScenario -->
        <test-method signature="runScenario(io.cucumber.testng.PickleWrapper,io.cucumber.testng.FeatureWrapper)[pri:0, instance:testRunner.TestNgRunner@29629fbb]" started-at="2025-03-24T15:57:57 CDT" name="runScenario" description="Runs Cucumber Scenarios" data-provider="scenarios" finished-at="2025-03-24T15:58:06 CDT" duration-ms="9688" status="PASS">
          <params>
            <param index="0">
              <value>
                <![CDATA["Transfer fund to New Account"]]>
              </value>
            </param>
            <param index="1">
              <value>
                <![CDATA["I open new account and transfer fund"]]>
              </value>
            </param>
          </params>
          <reporter-output>
          </reporter-output>
        </test-method> <!-- runScenario -->
        <test-method signature="runScenario(io.cucumber.testng.PickleWrapper,io.cucumber.testng.FeatureWrapper)[pri:0, instance:testRunner.TestNgRunner@29629fbb]" started-at="2025-03-24T15:58:06 CDT" name="runScenario" description="Runs Cucumber Scenarios" data-provider="scenarios" finished-at="2025-03-24T15:58:15 CDT" duration-ms="8943" status="PASS">
          <params>
            <param index="0">
              <value>
                <![CDATA["Open New Account and Apply for Loan"]]>
              </value>
            </param>
            <param index="1">
              <value>
                <![CDATA["I request loan from the bank"]]>
              </value>
            </param>
          </params>
          <reporter-output>
          </reporter-output>
        </test-method> <!-- runScenario -->
        <test-method is-config="true" signature="tearDownClass()[pri:0, instance:testRunner.TestNgRunner@29629fbb]" started-at="2025-03-24T15:58:15 CDT" name="tearDownClass" finished-at="2025-03-24T15:58:15 CDT" duration-ms="107" status="PASS">
          <reporter-output>
          </reporter-output>
        </test-method> <!-- tearDownClass -->
      </class> <!-- testRunner.TestNgRunner -->
    </test> <!-- Chrome TestNgRunner Testng -->
    <test started-at="2025-03-24T15:58:15 CDT" name="Firefox TestNgRunner Testng" finished-at="2025-03-24T15:58:49 CDT" duration-ms="33809">
      <class name="testRunner.TestNgRunner">
        <test-method is-config="true" signature="setUpClass(org.testng.ITestContext)[pri:0, instance:testRunner.TestNgRunner@61f80d55]" started-at="2025-03-24T15:58:15 CDT" name="setUpClass" finished-at="2025-03-24T15:58:15 CDT" duration-ms="26" status="PASS">
          <params>
            <param index="0">
              <value>
                <![CDATA[org.testng.TestRunner@1835d3ed]]>
              </value>
            </param>
          </params>
          <reporter-output>
          </reporter-output>
        </test-method> <!-- setUpClass -->
        <test-method is-config="true" signature="setBrowser(java.lang.String)[pri:0, instance:testRunner.TestNgRunner@61f80d55]" started-at="2025-03-24T15:58:15 CDT" name="setBrowser" finished-at="2025-03-24T15:58:15 CDT" duration-ms="1" status="PASS">
          <params>
            <param index="0">
              <value>
                <![CDATA[chrome]]>
              </value>
            </param>
          </params>
          <reporter-output>
          </reporter-output>
        </test-method> <!-- setBrowser -->
        <test-method signature="runScenario(io.cucumber.testng.PickleWrapper,io.cucumber.testng.FeatureWrapper)[pri:0, instance:testRunner.TestNgRunner@61f80d55]" started-at="2025-03-24T15:58:15 CDT" name="runScenario" description="Runs Cucumber Scenarios" data-provider="scenarios" finished-at="2025-03-24T15:58:22 CDT" duration-ms="6728" status="PASS">
          <params>
            <param index="0">
              <value>
                <![CDATA["Login with credentails"]]>
              </value>
            </param>
            <param index="1">
              <value>
                <![CDATA["Register in to the website"]]>
              </value>
            </param>
          </params>
          <reporter-output>
          </reporter-output>
        </test-method> <!-- runScenario -->
        <test-method signature="runScenario(io.cucumber.testng.PickleWrapper,io.cucumber.testng.FeatureWrapper)[pri:0, instance:testRunner.TestNgRunner@61f80d55]" started-at="2025-03-24T15:58:22 CDT" name="runScenario" description="Runs Cucumber Scenarios" data-provider="scenarios" finished-at="2025-03-24T15:58:29 CDT" duration-ms="6887" status="PASS">
          <params>
            <param index="0">
              <value>
                <![CDATA["Open New Account"]]>
              </value>
            </param>
            <param index="1">
              <value>
                <![CDATA["I open new account"]]>
              </value>
            </param>
          </params>
          <reporter-output>
          </reporter-output>
        </test-method> <!-- runScenario -->
        <test-method signature="runScenario(io.cucumber.testng.PickleWrapper,io.cucumber.testng.FeatureWrapper)[pri:0, instance:testRunner.TestNgRunner@61f80d55]" started-at="2025-03-24T15:58:29 CDT" name="runScenario" description="Runs Cucumber Scenarios" data-provider="scenarios" finished-at="2025-03-24T15:58:39 CDT" duration-ms="10071" status="PASS">
          <params>
            <param index="0">
              <value>
                <![CDATA["Transfer fund to New Account"]]>
              </value>
            </param>
            <param index="1">
              <value>
                <![CDATA["I open new account and transfer fund"]]>
              </value>
            </param>
          </params>
          <reporter-output>
          </reporter-output>
        </test-method> <!-- runScenario -->
        <test-method signature="runScenario(io.cucumber.testng.PickleWrapper,io.cucumber.testng.FeatureWrapper)[pri:0, instance:testRunner.TestNgRunner@61f80d55]" started-at="2025-03-24T15:58:39 CDT" name="runScenario" description="Runs Cucumber Scenarios" data-provider="scenarios" finished-at="2025-03-24T15:58:49 CDT" duration-ms="10032" status="PASS">
          <params>
            <param index="0">
              <value>
                <![CDATA["Open New Account and Apply for Loan"]]>
              </value>
            </param>
            <param index="1">
              <value>
                <![CDATA["I request loan from the bank"]]>
              </value>
            </param>
          </params>
          <reporter-output>
          </reporter-output>
        </test-method> <!-- runScenario -->
        <test-method is-config="true" signature="tearDownClass()[pri:0, instance:testRunner.TestNgRunner@61f80d55]" started-at="2025-03-24T15:58:49 CDT" name="tearDownClass" finished-at="2025-03-24T15:58:49 CDT" duration-ms="51" status="PASS">
          <reporter-output>
          </reporter-output>
        </test-method> <!-- tearDownClass -->
      </class> <!-- testRunner.TestNgRunner -->
    </test> <!-- Firefox TestNgRunner Testng -->
  </suite> <!-- Cross Browser Suite -->
</testng-results>
