<?xml version="1.0" encoding="UTF-8"?>
<testsuite xmlns:xsi="http://www.w3.org/2001/XMLSchema-instance" xsi:noNamespaceSchemaLocation="https://maven.apache.org/surefire/maven-surefire-plugin/xsd/surefire-test-report-3.0.xsd" version="3.0" name="TestSuite" time="51.412" tests="4" errors="0" skipped="0" failures="0">
  <properties>
[...]
</properties>
  <testcase name="runScenario[&quot;Login with credentails&quot;, &quot;Register in to the website&quot;](1)" classname="testRunner.TestNgRunner" time="12.595">
    <system-out><![CDATA[15:57:14.183 [main] DEBUG c.a.c.service.ChainPluginService - Found configuration entry chaintest.generator.email.enabled, will use chaintest.generator.email.class-name to resolve class
15:57:14.196 [main] DEBUG c.a.c.service.ChainPluginService - Found configuration entry chaintest.generator.chainlp.enabled, will use chaintest.generator.chainlp.class-name to resolve class
15:57:14.198 [main] DEBUG c.a.c.service.ChainPluginService - Found configuration entry chaintest.generator.simple.enabled, will use chaintest.generator.simple.class-name to resolve class
15:57:14.202 [main] DEBUG c.a.c.generator.FileGenerator - Loading template index.ftl for class class com.aventstack.chaintest.generator.ChainTestEmailGenerator with basePackagePath email/
15:57:15.056 [main] DEBUG c.a.chaintest.http.HttpRetryHandler - Creating HttpRetryHandler instance for 3 retry attempts
15:57:15.183 [main] DEBUG c.a.c.http.ChainTestApiClient - Created request for entity Build with body: {"id":0,"projectId":0,"projectName":"automation-bdd-cucumber","startedAt":1743109035057,"endedAt":0,"durationMs":0,"executionStage":"IN_PROGRESS","testRunner":"testng","name":null,"result":"PASSED","tagStatsMonitor":{},"tags":[],"gitRepository":null,"gitBranch":null,"gitCommitHash":null,"gitTags":null,"gitCommitMessage":null,"systemInfo":[{"id":0,"name":"java.version","val":"17.0.11"},{"id":0,"name":"java.vm.name","val":"Java HotSpot(TM) 64-Bit Server VM"},{"id":0,"name":"java.vm.vendor","val":"Oracle Corporation"},{"id":0,"name":"java.class.version","val":"61.0"},{"id":0,"name":"java.runtime.name","val":"Java(TM) SE Runtime Environment"},{"id":0,"name":"os.name","val":"Windows 11"},{"id":0,"name":"os.arch","val":"amd64"},{"id":0,"name":"os.version","val":"10.0"}],"bdd":false,"durationPretty":"0ms"}
15:57:15.272 [HttpClient-1-Worker-1] DEBUG c.a.c.http.JsonMappedBodyHandler - Received response from service: {
"servlet":"Stapler",
"message":"No valid crumb was included in the request",
"url":"/api/v1/builds",
"status":"403"
}
15:57:15.319 [main] DEBUG c.a.chaintest.http.HttpRetryHandler - Create API returned responseCode: 403
15:57:15.319 [main] ERROR c.a.chaintest.http.HttpRetryHandler - Failed to save entity Build due to a client-side error, received response code : 403
15:57:15.320 [main] DEBUG c.a.c.generator.FileGenerator - Loading template index.ftl for class class com.aventstack.chaintest.generator.ChainTestSimpleGenerator with basePackagePath simple
Running tests on: chrome

@register @login @username=<generated_username> @password=<generated_password>
Scenario: Login with credentails                                                                                            # src/test/resources/features/01_Login.feature:14
[INFO ] 2025-03-27 15:57:16.734 [TestNG-tests-1] WebDriverFactory - Initializing WebDriver for browser: chrome
[INFO ] 2025-03-27 15:57:18.502 [TestNG-tests-1] WebDriverFactory - WebDriver initialized: ChromeDriver
[INFO ] 2025-03-27 15:57:18.505 [TestNG-tests-1] Loggerload - Register_App_URL
[INFO ] 2025-03-27 15:57:18.527 [TestNG-tests-1] RegisterStepDefinition - Opening ParaBank registration page: https://parabank.parasoft.com/parabank/register.htm
  Given I navigate to "<website>"                                                                                           # stepDefinitions.RegisterStepDefinition.i_navigate_to(java.lang.String)
Test passed
[INFO ] 2025-03-27 15:57:21.349 [TestNG-tests-1] RegisterStepDefinition - Filling user details on registration form
[INFO ] 2025-03-27 15:57:22.508 [TestNG-tests-1] RegisterStepDefinition - User details filled successfully
  Then I fill user details "<First Name>", "<Last Name>", "<Address>", "<City>", "<State>", "<ZipCode>", "<Phone>", "<SSN>" # stepDefinitions.RegisterStepDefinition.i_fill_user_details(java.lang.String,java.lang.String,java.lang.String,java.lang.String,java.lang.String,java.lang.String,java.lang.String,java.lang.String)
Test passed
[INFO ] 2025-03-27 15:57:22.849 [TestNG-tests-1] RegisterStepDefinition - Generating random credentials for registration
[INFO ] 2025-03-27 15:57:22.851 [TestNG-tests-1] RegisterStepDefinition - Generated Username: TestUser6215
[INFO ] 2025-03-27 15:57:22.852 [TestNG-tests-1] RegisterStepDefinition - Generated Password: Test@413
[INFO ] 2025-03-27 15:57:23.336 [TestNG-tests-1] RegisterStepDefinition - Entered credentials successfully: TestUser6215 / Test@413
  And I enter "<Username>", "<Password>", and "<Confirm Password>"                                                          # stepDefinitions.RegisterStepDefinition.i_enter_and(java.lang.String,java.lang.String,java.lang.String)
Test passed
[INFO ] 2025-03-27 15:57:23.817 [TestNG-tests-1] RegisterStepDefinition - Submitting registration form
[INFO ] 2025-03-27 15:57:23.818 [TestNG-tests-1] RegisterStepDefinition - Registration form submitted successfully.
  When I submit on Register button                                                                                          # stepDefinitions.RegisterStepDefinition.i_submit_on_register_button()
Test passed
[INFO ] 2025-03-27 15:57:24.122 [TestNG-tests-1] RegisterStepDefinition - Actual page title after registration: ParaBank | Customer Created
Welcome message is: Welcome TestUser6215
[INFO ] 2025-03-27 15:57:24.148 [TestNG-tests-1] RegisterStepDefinition - Registration success message: Welcome TestUser6215
Welcome message is: Your account was created successfully. You are now logged in.
[INFO ] 2025-03-27 15:57:24.177 [TestNG-tests-1] RegisterStepDefinition - Registration success message: Your account was created successfully. You are now logged in.
  Then I should be successfully navigated to the accounts page                                                              # stepDefinitions.RegisterStepDefinition.i_should_be_successfully_navigated_to_the_accounts_page()
Test passed
[INFO ] 2025-03-27 15:57:24.504 [TestNG-tests-1] Loggerload - Login App URL
In Login Page
[INFO ] 2025-03-27 15:57:24.831 [TestNG-tests-1] LoginStepDefinition - I am in Login Page
  Given I am in LoginPage                                                                                                   # stepDefinitions.LoginStepDefinition.i_am_in_login_page()
Test passed
[INFO ] 2025-03-27 15:57:25.375 [TestNG-tests-1] LoginStepDefinition - Entering credentials: TestUser6215 / Test@413
[INFO ] 2025-03-27 15:57:25.529 [TestNG-tests-1] LoginStepDefinition - Entered credentials successfully.
  When I enter the registered username "<generated_username>" and password "<generated_password>"                           # stepDefinitions.LoginStepDefinition.i_enter_the_registered_username_and_password(java.lang.String,java.lang.String)
Test passed
[INFO ] 2025-03-27 15:57:25.883 [TestNG-tests-1] LoginStepDefinition - click login
[INFO ] 2025-03-27 15:57:25.890 [TestNG-tests-1] LoginStepDefinition - Check if already logged in, if not, then login
[INFO ] 2025-03-27 15:57:25.931 [TestNG-tests-1] Loggerload - Element found and now performing Click
[INFO ] 2025-03-27 15:57:26.469 [TestNG-tests-1] LoginStepDefinition - Successfully logged in and navigated to Accounts Overview.
  When Click login                                                                                                          # stepDefinitions.LoginStepDefinition.click_login()
Test passed
[INFO ] 2025-03-27 15:57:27.019 [TestNG-tests-1] LoginStepDefinition - logged in to Para Bank
logged in to Para Bank:
ParaBank | Accounts Overview
  And User is logged in to the website                                                                                      # stepDefinitions.LoginStepDefinition.user_is_logged_in_to_the_website()
Test passed
Successful login
[INFO ] 2025-03-27 15:57:27.466 [TestNG-tests-1] LoginStepDefinition - Successful login
  Then I validate the credentials                                                                                           # stepDefinitions.LoginStepDefinition.i_validate_the_credentials()
Test passed
[INFO ] 2025-03-27 15:57:28.500 [TestNG-tests-1] WebDriverFactory - WebDriver initialized: null
[INFO ] 2025-03-27 15:57:28.500 [TestNG-tests-1] WebDriverFactory - WebDriver quit: null
[INFO ] 2025-03-27 15:57:28.500 [TestNG-tests-1] WebDriverFactory - WebDriver closed.
Teardown: Browser closed.
]]></system-out>
    <system-err><![CDATA[log4j:WARN No appenders could be found for logger (freemarker.cache).
log4j:WARN Please initialize the log4j system properly.
log4j:WARN See http://logging.apache.org/log4j/1.2/faq.html#noconfig for more info.
Starting ChromeDriver 134.0.6998.165 (fd886e2cb29dd984c13deec032832dee68d8abe3-refs/branch-heads/6998@{#2122}) on port 59863
Only local connections are allowed.
Please see https://chromedriver.chromium.org/security-considerations for suggestions on keeping ChromeDriver safe.
ChromeDriver was started successfully on port 59863.
Mar 27, 2025 3:57:18 PM org.openqa.selenium.remote.ProtocolHandshake createSession
INFO: Detected dialect: W3C
Mar 27, 2025 3:57:18 PM org.openqa.selenium.devtools.CdpVersionFinder findNearestMatch
WARNING: Unable to find an exact match for CDP version 134, so returning the closest version found: 132
Mar 27, 2025 3:57:18 PM org.openqa.selenium.devtools.CdpVersionFinder findNearestMatch
INFO: Found CDP implementation for version 134 of 132
]]></system-err>
  </testcase>
  <testcase name="runScenario[&quot;Open New Account&quot;, &quot;I open new account&quot;](2)" classname="testRunner.TestNgRunner" time="10.799">
    <system-out><![CDATA[
@registerOpenAccount @openAccount
Scenario: Open New Account                                                                                                  # src/test/resources/features/02_Account.feature:13
[INFO ] 2025-03-27 15:57:28.711 [TestNG-tests-1] WebDriverFactory - Initializing WebDriver for browser: chrome
[INFO ] 2025-03-27 15:57:29.572 [TestNG-tests-1] WebDriverFactory - WebDriver initialized: ChromeDriver
[INFO ] 2025-03-27 15:57:29.573 [TestNG-tests-1] Loggerload - Register_App_URL
[INFO ] 2025-03-27 15:57:29.574 [TestNG-tests-1] RegisterStepDefinition - Opening ParaBank registration page: https://parabank.parasoft.com/parabank/register.htm
  Given I navigate to "<website>"                                                                                           # stepDefinitions.RegisterStepDefinition.i_navigate_to(java.lang.String)
Test passed
[INFO ] 2025-03-27 15:57:32.803 [TestNG-tests-1] RegisterStepDefinition - Filling user details on registration form
[INFO ] 2025-03-27 15:57:33.284 [TestNG-tests-1] RegisterStepDefinition - User details filled successfully
  Then I fill user details "<First Name>", "<Last Name>", "<Address>", "<City>", "<State>", "<ZipCode>", "<Phone>", "<SSN>" # stepDefinitions.RegisterStepDefinition.i_fill_user_details(java.lang.String,java.lang.String,java.lang.String,java.lang.String,java.lang.String,java.lang.String,java.lang.String,java.lang.String)
Test passed
[INFO ] 2025-03-27 15:57:33.582 [TestNG-tests-1] RegisterStepDefinition - Generating random credentials for registration
[INFO ] 2025-03-27 15:57:33.583 [TestNG-tests-1] RegisterStepDefinition - Generated Username: TestUser5361
[INFO ] 2025-03-27 15:57:33.583 [TestNG-tests-1] RegisterStepDefinition - Generated Password: Test@524
[INFO ] 2025-03-27 15:57:34.048 [TestNG-tests-1] RegisterStepDefinition - Entered credentials successfully: TestUser5361 / Test@524
  And I enter "<Username>", "<Password>", and "<Confirm Password>"                                                          # stepDefinitions.RegisterStepDefinition.i_enter_and(java.lang.String,java.lang.String,java.lang.String)
Test passed
[INFO ] 2025-03-27 15:57:34.575 [TestNG-tests-1] RegisterStepDefinition - Submitting registration form
[INFO ] 2025-03-27 15:57:34.575 [TestNG-tests-1] RegisterStepDefinition - Registration form submitted successfully.
  When I submit on Register button                                                                                          # stepDefinitions.RegisterStepDefinition.i_submit_on_register_button()
Test passed
[INFO ] 2025-03-27 15:57:35.004 [TestNG-tests-1] RegisterStepDefinition - Actual page title after registration: ParaBank | Customer Created
Welcome message is: Welcome TestUser5361
[INFO ] 2025-03-27 15:57:35.026 [TestNG-tests-1] RegisterStepDefinition - Registration success message: Welcome TestUser5361
Welcome message is: Your account was created successfully. You are now logged in.
[INFO ] 2025-03-27 15:57:35.044 [TestNG-tests-1] RegisterStepDefinition - Registration success message: Your account was created successfully. You are now logged in.
  Then I should be successfully navigated to the accounts page                                                              # stepDefinitions.RegisterStepDefinition.i_should_be_successfully_navigated_to_the_accounts_page()
Test passed
[INFO ] 2025-03-27 15:57:35.361 [TestNG-tests-1] AccountStepDefinition - Clicking on: Open New Account
  Given In front page I click "Open New Account"                                                                            # stepDefinitions.AccountStepDefinition.in_front_page_i_click(java.lang.String)
Test passed
[INFO ] 2025-03-27 15:57:36.058 [TestNG-tests-1] AccountStepDefinition - Navigated to account creation page
43536
$5000.00
$5000.00
Total
$5000.00
 
[INFO ] 2025-03-27 15:57:36.109 [TestNG-tests-1] AccountStepDefinition - Got all details of the account
  Then I should see the account creation page                                                                               # stepDefinitions.AccountStepDefinition.i_should_see_the_account_creation_page()
Test passed
[INFO ] 2025-03-27 15:57:36.385 [TestNG-tests-1] AccountStepDefinition - Opening a new bank account
[INFO ] 2025-03-27 15:57:36.553 [TestNG-tests-1] AccountStepDefinition - clicked open new account
  When I click open new account                                                                                             # stepDefinitions.AccountStepDefinition.i_click_open_new_account()
Test passed
[INFO ] 2025-03-27 15:57:37.016 [TestNG-tests-1] AccountStepDefinition - Selected account type: Savings
  Then I select account type                                                                                                # stepDefinitions.AccountStepDefinition.i_select_account_type()
Test passed
[INFO ] 2025-03-27 15:57:37.538 [TestNG-tests-1] AccountStepDefinition - Input deposit amount: 1000
  Then I enter deposit ammount                                                                                              # stepDefinitions.AccountStepDefinition.i_enter_deposit_ammount()
Test passed
[INFO ] 2025-03-27 15:57:38.087 [TestNG-tests-1] AccountStepDefinition - Opened new account form
[INFO ] 2025-03-27 15:57:38.097 [TestNG-tests-1] AccountStepDefinition - Account created successfully
  And I create new account                                                                                                  # stepDefinitions.AccountStepDefinition.i_create_new_account()
Test passed
[INFO ] 2025-03-27 15:57:38.660 [TestNG-tests-1] AccountStepDefinition - Account opened successfully
  Then I get success message for account creation                                                                           # stepDefinitions.AccountStepDefinition.i_get_success_message_for_account_creation()
Test passed
[INFO ] 2025-03-27 15:57:39.540 [TestNG-tests-1] WebDriverFactory - WebDriver initialized: null
[INFO ] 2025-03-27 15:57:39.540 [TestNG-tests-1] WebDriverFactory - WebDriver quit: null
[INFO ] 2025-03-27 15:57:39.540 [TestNG-tests-1] WebDriverFactory - WebDriver closed.
Teardown: Browser closed.
]]></system-out>
    <system-err><![CDATA[Starting ChromeDriver 134.0.6998.165 (fd886e2cb29dd984c13deec032832dee68d8abe3-refs/branch-heads/6998@{#2122}) on port 64833
Only local connections are allowed.
Please see https://chromedriver.chromium.org/security-considerations for suggestions on keeping ChromeDriver safe.
ChromeDriver was started successfully on port 64833.
Mar 27, 2025 3:57:29 PM org.openqa.selenium.remote.ProtocolHandshake createSession
INFO: Detected dialect: W3C
Mar 27, 2025 3:57:29 PM org.openqa.selenium.devtools.CdpVersionFinder findNearestMatch
WARNING: Unable to find an exact match for CDP version 134, so returning the closest version found: 132
Mar 27, 2025 3:57:29 PM org.openqa.selenium.devtools.CdpVersionFinder findNearestMatch
INFO: Found CDP implementation for version 134 of 132
]]></system-err>
  </testcase>
  <testcase name="runScenario[&quot;Transfer fund to New Account&quot;, &quot;I open new account and transfer fund&quot;](3)" classname="testRunner.TestNgRunner" time="12.684">
    <system-out><![CDATA[
@registerTransferFunds @transferFunds
Scenario: Transfer fund to New Account                                                                                      # src/test/resources/features/03_TransferFund.feature:12
[INFO ] 2025-03-27 15:57:39.622 [TestNG-tests-1] WebDriverFactory - Initializing WebDriver for browser: chrome
[INFO ] 2025-03-27 15:57:40.404 [TestNG-tests-1] WebDriverFactory - WebDriver initialized: ChromeDriver
[INFO ] 2025-03-27 15:57:40.405 [TestNG-tests-1] Loggerload - Register_App_URL
[INFO ] 2025-03-27 15:57:40.406 [TestNG-tests-1] RegisterStepDefinition - Opening ParaBank registration page: https://parabank.parasoft.com/parabank/register.htm
  Given I navigate to "<website>"                                                                                           # stepDefinitions.RegisterStepDefinition.i_navigate_to(java.lang.String)
Test passed
[INFO ] 2025-03-27 15:57:43.203 [TestNG-tests-1] RegisterStepDefinition - Filling user details on registration form
[INFO ] 2025-03-27 15:57:43.723 [TestNG-tests-1] RegisterStepDefinition - User details filled successfully
  Then I fill user details "<First Name>", "<Last Name>", "<Address>", "<City>", "<State>", "<ZipCode>", "<Phone>", "<SSN>" # stepDefinitions.RegisterStepDefinition.i_fill_user_details(java.lang.String,java.lang.String,java.lang.String,java.lang.String,java.lang.String,java.lang.String,java.lang.String,java.lang.String)
Test passed
[INFO ] 2025-03-27 15:57:44.043 [TestNG-tests-1] RegisterStepDefinition - Generating random credentials for registration
[INFO ] 2025-03-27 15:57:44.043 [TestNG-tests-1] RegisterStepDefinition - Generated Username: TestUser7534
[INFO ] 2025-03-27 15:57:44.043 [TestNG-tests-1] RegisterStepDefinition - Generated Password: Test@87
[INFO ] 2025-03-27 15:57:44.572 [TestNG-tests-1] RegisterStepDefinition - Entered credentials successfully: TestUser7534 / Test@87
  And I enter "<Username>", "<Password>", and "<Confirm Password>"                                                          # stepDefinitions.RegisterStepDefinition.i_enter_and(java.lang.String,java.lang.String,java.lang.String)
Test passed
[INFO ] 2025-03-27 15:57:44.981 [TestNG-tests-1] RegisterStepDefinition - Submitting registration form
[INFO ] 2025-03-27 15:57:44.982 [TestNG-tests-1] RegisterStepDefinition - Registration form submitted successfully.
  When I submit on Register button                                                                                          # stepDefinitions.RegisterStepDefinition.i_submit_on_register_button()
Test passed
[INFO ] 2025-03-27 15:57:45.307 [TestNG-tests-1] RegisterStepDefinition - Actual page title after registration: ParaBank | Customer Created
Welcome message is: Welcome TestUser7534
[INFO ] 2025-03-27 15:57:45.332 [TestNG-tests-1] RegisterStepDefinition - Registration success message: Welcome TestUser7534
Welcome message is: Your account was created successfully. You are now logged in.
[INFO ] 2025-03-27 15:57:45.356 [TestNG-tests-1] RegisterStepDefinition - Registration success message: Your account was created successfully. You are now logged in.
  Then I should be successfully navigated to the accounts page                                                              # stepDefinitions.RegisterStepDefinition.i_should_be_successfully_navigated_to_the_accounts_page()
Test passed
[INFO ] 2025-03-27 15:57:45.762 [TestNG-tests-1] AccountStepDefinition - Clicking on: Open New Account
  Given In front page I click "Open New Account"                                                                            # stepDefinitions.AccountStepDefinition.in_front_page_i_click(java.lang.String)
Test passed
[INFO ] 2025-03-27 15:57:46.427 [TestNG-tests-1] AccountStepDefinition - Navigated to account creation page
43758
$5000.00
$5000.00
Total
$5000.00
 
[INFO ] 2025-03-27 15:57:46.495 [TestNG-tests-1] AccountStepDefinition - Got all details of the account
  Then I should see the account creation page                                                                               # stepDefinitions.AccountStepDefinition.i_should_see_the_account_creation_page()
Test passed
[INFO ] 2025-03-27 15:57:46.864 [TestNG-tests-1] AccountStepDefinition - Opening a new bank account
[INFO ] 2025-03-27 15:57:47.040 [TestNG-tests-1] AccountStepDefinition - clicked open new account
  When I click open new account                                                                                             # stepDefinitions.AccountStepDefinition.i_click_open_new_account()
Test passed
[INFO ] 2025-03-27 15:57:47.512 [TestNG-tests-1] AccountStepDefinition - Selected account type: Savings
  Then I select account type                                                                                                # stepDefinitions.AccountStepDefinition.i_select_account_type()
Test passed
[INFO ] 2025-03-27 15:57:47.882 [TestNG-tests-1] AccountStepDefinition - Input deposit amount: 1000
  Then I enter deposit ammount                                                                                              # stepDefinitions.AccountStepDefinition.i_enter_deposit_ammount()
Test passed
[INFO ] 2025-03-27 15:57:48.246 [TestNG-tests-1] AccountStepDefinition - Opened new account form
[INFO ] 2025-03-27 15:57:48.253 [TestNG-tests-1] AccountStepDefinition - Account created successfully
  And I create new account                                                                                                  # stepDefinitions.AccountStepDefinition.i_create_new_account()
Test passed
[INFO ] 2025-03-27 15:57:48.597 [TestNG-tests-1] AccountStepDefinition - Account opened successfully
  Then I get success message for account creation                                                                           # stepDefinitions.AccountStepDefinition.i_get_success_message_for_account_creation()
Test passed
[INFO ] 2025-03-27 15:57:48.903 [TestNG-tests-1] TransferFundsStepDefinition - Clicking on Transfer Funds
  Given I click TransferFunds                                                                                               # stepDefinitions.TransferFundsStepDefinition.i_click_transfer_funds()
Test passed
[INFO ] 2025-03-27 15:57:49.391 [TestNG-tests-1] TransferFundsStepDefinition - Enter amount to transfer
  Then I enter amount to transfer                                                                                           # stepDefinitions.TransferFundsStepDefinition.i_enter_amount_to_transfer()
Test passed
[INFO ] 2025-03-27 15:57:49.747 [TestNG-tests-1] TransferFundsStepDefinition - Selecting From and To account
Size of fromAccountOption: 2
Size of toAccountOption: 2
  Then I select From account and To account                                                                                 # stepDefinitions.TransferFundsStepDefinition.i_select_from_account_and_to_account()
Test passed
[INFO ] 2025-03-27 15:57:50.096 [TestNG-tests-1] TransferFundsStepDefinition - Clicking on Transfer button
  Then I submit Transfer button                                                                                             # stepDefinitions.TransferFundsStepDefinition.i_submit_transfer_button()
Test passed
[INFO ] 2025-03-27 15:57:50.468 [TestNG-tests-1] TransferFundsStepDefinition - Verifying Transfer success message
Transfer Message: Transfer Complete!
Transfer Details: $800.00 has been transferred from account #43758 to account #43869.
  Then I should see the success message                                                                                     # stepDefinitions.TransferFundsStepDefinition.i_should_see_the_success_message()
Test passed
43758
$4100.00
$4100.00
43869
$900.00
$900.00
Total
$5000.00
 
Account Number:

Account Type:

Balance:
$4100.00
Available:
$4100.00
03-26-2025
Funds Transfer Sent
$100.00

03-26-2025
Funds Transfer Sent
$800.00

  And I should see the new balance in the account                                                                           # stepDefinitions.TransferFundsStepDefinition.i_should_see_the_new_balance_in_the_account()
Test passed
[INFO ] 2025-03-27 15:57:52.302 [TestNG-tests-1] WebDriverFactory - WebDriver initialized: null
[INFO ] 2025-03-27 15:57:52.302 [TestNG-tests-1] WebDriverFactory - WebDriver quit: null
[INFO ] 2025-03-27 15:57:52.303 [TestNG-tests-1] WebDriverFactory - WebDriver closed.
Teardown: Browser closed.
]]></system-out>
    <system-err><![CDATA[Starting ChromeDriver 134.0.6998.165 (fd886e2cb29dd984c13deec032832dee68d8abe3-refs/branch-heads/6998@{#2122}) on port 54732
Only local connections are allowed.
Please see https://chromedriver.chromium.org/security-considerations for suggestions on keeping ChromeDriver safe.
ChromeDriver was started successfully on port 54732.
Mar 27, 2025 3:57:40 PM org.openqa.selenium.remote.ProtocolHandshake createSession
INFO: Detected dialect: W3C
Mar 27, 2025 3:57:40 PM org.openqa.selenium.devtools.CdpVersionFinder findNearestMatch
WARNING: Unable to find an exact match for CDP version 134, so returning the closest version found: 132
Mar 27, 2025 3:57:40 PM org.openqa.selenium.devtools.CdpVersionFinder findNearestMatch
INFO: Found CDP implementation for version 134 of 132
]]></system-err>
  </testcase>
  <testcase name="runScenario[&quot;Open New Account and Apply for Loan&quot;, &quot;I request loan from the bank&quot;](4)" classname="testRunner.TestNgRunner" time="11.923">
    <system-out><![CDATA[
@registerRequestLoan @requestLoan
Scenario: Open New Account and Apply for Loan                                                                               # src/test/resources/features/04_RequestLoan.feature:12
[INFO ] 2025-03-27 15:57:52.330 [TestNG-tests-1] WebDriverFactory - Initializing WebDriver for browser: chrome
[INFO ] 2025-03-27 15:57:53.071 [TestNG-tests-1] WebDriverFactory - WebDriver initialized: ChromeDriver
[INFO ] 2025-03-27 15:57:53.071 [TestNG-tests-1] Loggerload - Register_App_URL
[INFO ] 2025-03-27 15:57:53.072 [TestNG-tests-1] RegisterStepDefinition - Opening ParaBank registration page: https://parabank.parasoft.com/parabank/register.htm
  Given I navigate to "<website>"                                                                                           # stepDefinitions.RegisterStepDefinition.i_navigate_to(java.lang.String)
Test passed
[INFO ] 2025-03-27 15:57:55.765 [TestNG-tests-1] RegisterStepDefinition - Filling user details on registration form
[INFO ] 2025-03-27 15:57:56.159 [TestNG-tests-1] RegisterStepDefinition - User details filled successfully
  Then I fill user details "<First Name>", "<Last Name>", "<Address>", "<City>", "<State>", "<ZipCode>", "<Phone>", "<SSN>" # stepDefinitions.RegisterStepDefinition.i_fill_user_details(java.lang.String,java.lang.String,java.lang.String,java.lang.String,java.lang.String,java.lang.String,java.lang.String,java.lang.String)
Test passed
[INFO ] 2025-03-27 15:57:56.467 [TestNG-tests-1] RegisterStepDefinition - Generating random credentials for registration
[INFO ] 2025-03-27 15:57:56.468 [TestNG-tests-1] RegisterStepDefinition - Generated Username: TestUser1520
[INFO ] 2025-03-27 15:57:56.468 [TestNG-tests-1] RegisterStepDefinition - Generated Password: Test@599
[INFO ] 2025-03-27 15:57:56.824 [TestNG-tests-1] RegisterStepDefinition - Entered credentials successfully: TestUser1520 / Test@599
  And I enter "<Username>", "<Password>", and "<Confirm Password>"                                                          # stepDefinitions.RegisterStepDefinition.i_enter_and(java.lang.String,java.lang.String,java.lang.String)
Test passed
[INFO ] 2025-03-27 15:57:57.179 [TestNG-tests-1] RegisterStepDefinition - Submitting registration form
[INFO ] 2025-03-27 15:57:57.179 [TestNG-tests-1] RegisterStepDefinition - Registration form submitted successfully.
  When I submit on Register button                                                                                          # stepDefinitions.RegisterStepDefinition.i_submit_on_register_button()
Test passed
[INFO ] 2025-03-27 15:57:57.497 [TestNG-tests-1] RegisterStepDefinition - Actual page title after registration: ParaBank | Customer Created
Welcome message is: Welcome TestUser1520
[INFO ] 2025-03-27 15:57:57.518 [TestNG-tests-1] RegisterStepDefinition - Registration success message: Welcome TestUser1520
Welcome message is: Your account was created successfully. You are now logged in.
[INFO ] 2025-03-27 15:57:57.536 [TestNG-tests-1] RegisterStepDefinition - Registration success message: Your account was created successfully. You are now logged in.
  Then I should be successfully navigated to the accounts page                                                              # stepDefinitions.RegisterStepDefinition.i_should_be_successfully_navigated_to_the_accounts_page()
Test passed
[INFO ] 2025-03-27 15:57:57.815 [TestNG-tests-1] AccountStepDefinition - Clicking on: Open New Account
  Given In front page I click "Open New Account"                                                                            # stepDefinitions.AccountStepDefinition.in_front_page_i_click(java.lang.String)
Test passed
[INFO ] 2025-03-27 15:57:58.398 [TestNG-tests-1] AccountStepDefinition - Navigated to account creation page
43980
$5000.00
$5000.00
Total
$5000.00
 
[INFO ] 2025-03-27 15:57:58.444 [TestNG-tests-1] AccountStepDefinition - Got all details of the account
  Then I should see the account creation page                                                                               # stepDefinitions.AccountStepDefinition.i_should_see_the_account_creation_page()
Test passed
[INFO ] 2025-03-27 15:57:58.708 [TestNG-tests-1] AccountStepDefinition - Opening a new bank account
[INFO ] 2025-03-27 15:57:58.870 [TestNG-tests-1] AccountStepDefinition - clicked open new account
  When I click open new account                                                                                             # stepDefinitions.AccountStepDefinition.i_click_open_new_account()
Test passed
[INFO ] 2025-03-27 15:57:59.257 [TestNG-tests-1] AccountStepDefinition - Selected account type: Savings
  Then I select account type                                                                                                # stepDefinitions.AccountStepDefinition.i_select_account_type()
Test passed
[INFO ] 2025-03-27 15:57:59.619 [TestNG-tests-1] AccountStepDefinition - Input deposit amount: 1000
  Then I enter deposit ammount                                                                                              # stepDefinitions.AccountStepDefinition.i_enter_deposit_ammount()
Test passed
[INFO ] 2025-03-27 15:57:59.978 [TestNG-tests-1] AccountStepDefinition - Opened new account form
[INFO ] 2025-03-27 15:57:59.981 [TestNG-tests-1] AccountStepDefinition - Account created successfully
  And I create new account                                                                                                  # stepDefinitions.AccountStepDefinition.i_create_new_account()
Test passed
[INFO ] 2025-03-27 15:58:00.333 [TestNG-tests-1] AccountStepDefinition - Account opened successfully
  Then I get success message for account creation                                                                           # stepDefinitions.AccountStepDefinition.i_get_success_message_for_account_creation()
Test passed
[INFO ] 2025-03-27 15:58:00.671 [TestNG-tests-1] RequestLoanStepDefinition - Clicking on Request Loan
[INFO ] 2025-03-27 15:58:00.907 [TestNG-tests-1] RequestLoanPage - Clicked on Request Loan
  Then I click request Loan                                                                                                 # stepDefinitions.RequestLoanStepDefinition.i_click_request_loan()
Test passed
[INFO ] 2025-03-27 15:58:01.236 [TestNG-tests-1] RequestLoanStepDefinition - Entering loan amount
[INFO ] 2025-03-27 15:58:01.281 [TestNG-tests-1] RequestLoanPage - Entered loan amount : 10000
  Then I enter loan amount                                                                                                  # stepDefinitions.RequestLoanStepDefinition.i_enter_loan_amount()
Test passed
[INFO ] 2025-03-27 15:58:01.563 [TestNG-tests-1] RequestLoanStepDefinition - Entering down payment amount
[INFO ] 2025-03-27 15:58:01.612 [TestNG-tests-1] RequestLoanPage - Entered down payment amount : 1000
  Then I enter down payment amount                                                                                          # stepDefinitions.RequestLoanStepDefinition.i_enter_down_payment_amount()
Test passed
[INFO ] 2025-03-27 15:58:01.912 [TestNG-tests-1] RequestLoanStepDefinition - Selecting From Account
Available options:
Clicked on the first option: 43980
[INFO ] 2025-03-27 15:58:01.954 [TestNG-tests-1] RequestLoanPage - Clicked on the first option: 43980
  Then I select From Account                                                                                                # stepDefinitions.RequestLoanStepDefinition.i_select_from_account()
Test passed
[INFO ] 2025-03-27 15:58:02.246 [TestNG-tests-1] RequestLoanStepDefinition - Submitting loan request
[INFO ] 2025-03-27 15:58:02.299 [TestNG-tests-1] RequestLoanPage - Clicked on Apply Now button
  Then I submit loan request                                                                                                # stepDefinitions.RequestLoanStepDefinition.i_submit_loan_request()
Test passed
Loan Status: Approved
[INFO ] 2025-03-27 15:58:02.621 [TestNG-tests-1] RequestLoanPage - Loan Status: Approved
Loan Approved
[INFO ] 2025-03-27 15:58:02.627 [TestNG-tests-1] RequestLoanPage - Loan Approved
[INFO ] 2025-03-27 15:58:02.634 [TestNG-tests-1] RequestLoanStepDefinition - Loan request approved
Loan Message: Loan Request Processed
[INFO ] 2025-03-27 15:58:02.655 [TestNG-tests-1] RequestLoanPage - Loan Message: Loan Request Processed
Loan Provider:
[INFO ] 2025-03-27 15:58:02.682 [TestNG-tests-1] RequestLoanPage - Loan Provider:
ParaBank
[INFO ] 2025-03-27 15:58:02.693 [TestNG-tests-1] RequestLoanPage - ParaBank
Date:
[INFO ] 2025-03-27 15:58:02.706 [TestNG-tests-1] RequestLoanPage - Date:
03-27-2025
[INFO ] 2025-03-27 15:58:02.718 [TestNG-tests-1] RequestLoanPage - 03-27-2025
Status:
[INFO ] 2025-03-27 15:58:02.730 [TestNG-tests-1] RequestLoanPage - Status:
Approved
[INFO ] 2025-03-27 15:58:02.741 [TestNG-tests-1] RequestLoanPage - Approved
Loan Status: Approved
[INFO ] 2025-03-27 15:58:02.752 [TestNG-tests-1] RequestLoanPage - Loan Status: Approved
Loan Approved
[INFO ] 2025-03-27 15:58:02.759 [TestNG-tests-1] RequestLoanPage - Loan Approved
Congratulations, your loan has been approved.
[INFO ] 2025-03-27 15:58:02.784 [TestNG-tests-1] RequestLoanPage - Congratulations, your loan has been approved.
Your new account number: 44202
[INFO ] 2025-03-27 15:58:02.792 [TestNG-tests-1] RequestLoanPage - Your new account number: 44202
  Then I should see the success message for loan approved                                                                   # stepDefinitions.RequestLoanStepDefinition.i_should_see_the_success_message_for_loan_approved()
Test passed
[INFO ] 2025-03-27 15:58:04.248 [TestNG-tests-1] WebDriverFactory - WebDriver initialized: null
[INFO ] 2025-03-27 15:58:04.249 [TestNG-tests-1] WebDriverFactory - WebDriver quit: null
[INFO ] 2025-03-27 15:58:04.249 [TestNG-tests-1] WebDriverFactory - WebDriver closed.
Teardown: Browser closed.
]]></system-out>
    <system-err><![CDATA[Starting ChromeDriver 134.0.6998.165 (fd886e2cb29dd984c13deec032832dee68d8abe3-refs/branch-heads/6998@{#2122}) on port 52793
Only local connections are allowed.
Please see https://chromedriver.chromium.org/security-considerations for suggestions on keeping ChromeDriver safe.
ChromeDriver was started successfully on port 52793.
Mar 27, 2025 3:57:53 PM org.openqa.selenium.remote.ProtocolHandshake createSession
INFO: Detected dialect: W3C
Mar 27, 2025 3:57:53 PM org.openqa.selenium.devtools.CdpVersionFinder findNearestMatch
WARNING: Unable to find an exact match for CDP version 134, so returning the closest version found: 132
Mar 27, 2025 3:57:53 PM org.openqa.selenium.devtools.CdpVersionFinder findNearestMatch
INFO: Found CDP implementation for version 134 of 132
]]></system-err>
  </testcase>
</testsuite>