<?xml version="1.0" encoding="UTF-8"?>
<testsuite xmlns:xsi="http://www.w3.org/2001/XMLSchema-instance" xsi:noNamespaceSchemaLocation="https://maven.apache.org/surefire/maven-surefire-plugin/xsd/surefire-test-report-3.0.xsd" version="3.0" name="TestSuite" time="79.522" tests="8" errors="0" skipped="0" failures="0">
  <properties>
[...]
</properties>
  <testcase name="runScenario[&quot;Login with credentails&quot;, &quot;Register in to the website&quot;](1)" classname="testRunner.TestNgRunner" time="9.607">
    <system-out><![CDATA[15:57:31.058 [main] DEBUG c.a.c.service.ChainPluginService - Found configuration entry chaintest.generator.email.enabled, will use chaintest.generator.email.class-name to resolve class
15:57:31.068 [main] DEBUG c.a.c.service.ChainPluginService - Found configuration entry chaintest.generator.chainlp.enabled, will use chaintest.generator.chainlp.class-name to resolve class
15:57:31.070 [main] DEBUG c.a.c.service.ChainPluginService - Found configuration entry chaintest.generator.simple.enabled, will use chaintest.generator.simple.class-name to resolve class
15:57:31.072 [main] DEBUG c.a.c.generator.FileGenerator - Loading template index.ftl for class class com.aventstack.chaintest.generator.ChainTestEmailGenerator with basePackagePath email/
15:57:31.574 [main] DEBUG c.a.chaintest.http.HttpRetryHandler - Creating HttpRetryHandler instance for 3 retry attempts
15:57:31.652 [main] DEBUG c.a.c.http.ChainTestApiClient - Created request for entity Build with body: {"id":0,"projectId":0,"projectName":"automation-bdd-cucumber","startedAt":1742849851575,"endedAt":0,"durationMs":0,"executionStage":"IN_PROGRESS","testRunner":"testng","name":null,"result":"PASSED","tagStatsMonitor":{},"tags":[],"gitRepository":null,"gitBranch":null,"gitCommitHash":null,"gitTags":null,"gitCommitMessage":null,"systemInfo":[{"id":0,"name":"java.version","val":"17.0.11"},{"id":0,"name":"java.vm.name","val":"Java HotSpot(TM) 64-Bit Server VM"},{"id":0,"name":"java.vm.vendor","val":"Oracle Corporation"},{"id":0,"name":"java.class.version","val":"61.0"},{"id":0,"name":"java.runtime.name","val":"Java(TM) SE Runtime Environment"},{"id":0,"name":"os.name","val":"Windows 11"},{"id":0,"name":"os.arch","val":"amd64"},{"id":0,"name":"os.version","val":"10.0"}],"bdd":false,"durationPretty":"0ms"}
15:57:31.705 [main] DEBUG c.a.chaintest.http.HttpRetryHandler - Failed to connect to the ChainTest service
java.net.ConnectException: null
	at java.net.http/jdk.internal.net.http.HttpClientImpl.send(HttpClientImpl.java:573)
	at java.net.http/jdk.internal.net.http.HttpClientFacade.send(HttpClientFacade.java:123)
	at com.aventstack.chaintest.http.ChainTestApiClient.send(ChainTestApiClient.java:150)
	at com.aventstack.chaintest.http.HttpRetryHandler.trySend(HttpRetryHandler.java:57)
	at com.aventstack.chaintest.http.HttpRetryHandler.trySend(HttpRetryHandler.java:90)
	at com.aventstack.chaintest.generator.ChainLPGenerator.start(ChainLPGenerator.java:96)
	at com.aventstack.chaintest.service.ChainPluginService.lambda$start$1(ChainPluginService.java:99)
	at java.base/java.util.stream.ForEachOps$ForEachOp$OfRef.accept(ForEachOps.java:183)
	at java.base/java.util.stream.ReferencePipeline$2$1.accept(ReferencePipeline.java:179)
	at java.base/java.util.ArrayList$ArrayListSpliterator.forEachRemaining(ArrayList.java:1625)
	at java.base/java.util.stream.AbstractPipeline.copyInto(AbstractPipeline.java:509)
	at java.base/java.util.stream.AbstractPipeline.wrapAndCopyInto(AbstractPipeline.java:499)
	at java.base/java.util.stream.ForEachOps$ForEachOp.evaluateSequential(ForEachOps.java:150)
	at java.base/java.util.stream.ForEachOps$ForEachOp$OfRef.evaluateSequential(ForEachOps.java:173)
	at java.base/java.util.stream.AbstractPipeline.evaluate(AbstractPipeline.java:234)
	at java.base/java.util.stream.ReferencePipeline.forEach(ReferencePipeline.java:596)
	at com.aventstack.chaintest.service.ChainPluginService.start(ChainPluginService.java:99)
	at utilities.chainTestListener.onExecutionStart(chainTestListener.java:65)
	at org.testng.TestNG.runExecutionListeners(TestNG.java:1129)
	at org.testng.TestNG.run(TestNG.java:1074)
	at org.apache.maven.surefire.testng.TestNGExecutor.run(TestNGExecutor.java:284)
	at org.apache.maven.surefire.testng.TestNGXmlTestSuite.execute(TestNGXmlTestSuite.java:75)
	at org.apache.maven.surefire.testng.TestNGProvider.invoke(TestNGProvider.java:119)
	at org.apache.maven.surefire.booter.ForkedBooter.runSuitesInProcess(ForkedBooter.java:428)
	at org.apache.maven.surefire.booter.ForkedBooter.execute(ForkedBooter.java:162)
	at org.apache.maven.surefire.booter.ForkedBooter.run(ForkedBooter.java:562)
	at org.apache.maven.surefire.booter.ForkedBooter.main(ForkedBooter.java:548)
Caused by: java.net.ConnectException: null
	at java.net.http/jdk.internal.net.http.common.Utils.toConnectException(Utils.java:1055)
	at java.net.http/jdk.internal.net.http.PlainHttpConnection.connectAsync(PlainHttpConnection.java:198)
	at java.net.http/jdk.internal.net.http.PlainHttpConnection.checkRetryConnect(PlainHttpConnection.java:230)
	at java.net.http/jdk.internal.net.http.PlainHttpConnection.lambda$connectAsync$1(PlainHttpConnection.java:206)
	at java.base/java.util.concurrent.CompletableFuture.uniHandle(CompletableFuture.java:934)
	at java.base/java.util.concurrent.CompletableFuture$UniHandle.tryFire(CompletableFuture.java:911)
	at java.base/java.util.concurrent.CompletableFuture.postComplete(CompletableFuture.java:510)
	at java.base/java.util.concurrent.CompletableFuture$AsyncSupply.run(CompletableFuture.java:1773)
	at java.base/java.util.concurrent.ThreadPoolExecutor.runWorker(ThreadPoolExecutor.java:1136)
	at java.base/java.util.concurrent.ThreadPoolExecutor$Worker.run(ThreadPoolExecutor.java:635)
	at java.base/java.lang.Thread.run(Thread.java:842)
Caused by: java.nio.channels.ClosedChannelException: null
	at java.base/sun.nio.ch.SocketChannelImpl.ensureOpen(SocketChannelImpl.java:195)
	at java.base/sun.nio.ch.SocketChannelImpl.beginConnect(SocketChannelImpl.java:760)
	at java.base/sun.nio.ch.SocketChannelImpl.connect(SocketChannelImpl.java:848)
	at java.net.http/jdk.internal.net.http.PlainHttpConnection.lambda$connectAsync$0(PlainHttpConnection.java:183)
	at java.base/java.security.AccessController.doPrivileged(AccessController.java:569)
	at java.net.http/jdk.internal.net.http.PlainHttpConnection.connectAsync(PlainHttpConnection.java:185)
	... 9 common frames omitted
15:57:33.720 [main] DEBUG c.a.c.http.ChainTestApiClient - Created request for entity Build with body: {"id":0,"projectId":0,"projectName":"automation-bdd-cucumber","startedAt":1742849851575,"endedAt":0,"durationMs":0,"executionStage":"IN_PROGRESS","testRunner":"testng","name":null,"result":"PASSED","tagStatsMonitor":{},"tags":[],"gitRepository":null,"gitBranch":null,"gitCommitHash":null,"gitTags":null,"gitCommitMessage":null,"systemInfo":[{"id":0,"name":"java.version","val":"17.0.11"},{"id":0,"name":"java.vm.name","val":"Java HotSpot(TM) 64-Bit Server VM"},{"id":0,"name":"java.vm.vendor","val":"Oracle Corporation"},{"id":0,"name":"java.class.version","val":"61.0"},{"id":0,"name":"java.runtime.name","val":"Java(TM) SE Runtime Environment"},{"id":0,"name":"os.name","val":"Windows 11"},{"id":0,"name":"os.arch","val":"amd64"},{"id":0,"name":"os.version","val":"10.0"}],"bdd":false,"durationPretty":"0ms"}
15:57:33.726 [main] DEBUG c.a.chaintest.http.HttpRetryHandler - Failed to connect to the ChainTest service
java.net.ConnectException: null
	at java.net.http/jdk.internal.net.http.HttpClientImpl.send(HttpClientImpl.java:573)
	at java.net.http/jdk.internal.net.http.HttpClientFacade.send(HttpClientFacade.java:123)
	at com.aventstack.chaintest.http.ChainTestApiClient.send(ChainTestApiClient.java:150)
	at com.aventstack.chaintest.http.HttpRetryHandler.trySend(HttpRetryHandler.java:57)
	at com.aventstack.chaintest.http.HttpRetryHandler.trySend(HttpRetryHandler.java:90)
	at com.aventstack.chaintest.generator.ChainLPGenerator.start(ChainLPGenerator.java:96)
	at com.aventstack.chaintest.service.ChainPluginService.lambda$start$1(ChainPluginService.java:99)
	at java.base/java.util.stream.ForEachOps$ForEachOp$OfRef.accept(ForEachOps.java:183)
	at java.base/java.util.stream.ReferencePipeline$2$1.accept(ReferencePipeline.java:179)
	at java.base/java.util.ArrayList$ArrayListSpliterator.forEachRemaining(ArrayList.java:1625)
	at java.base/java.util.stream.AbstractPipeline.copyInto(AbstractPipeline.java:509)
	at java.base/java.util.stream.AbstractPipeline.wrapAndCopyInto(AbstractPipeline.java:499)
	at java.base/java.util.stream.ForEachOps$ForEachOp.evaluateSequential(ForEachOps.java:150)
	at java.base/java.util.stream.ForEachOps$ForEachOp$OfRef.evaluateSequential(ForEachOps.java:173)
	at java.base/java.util.stream.AbstractPipeline.evaluate(AbstractPipeline.java:234)
	at java.base/java.util.stream.ReferencePipeline.forEach(ReferencePipeline.java:596)
	at com.aventstack.chaintest.service.ChainPluginService.start(ChainPluginService.java:99)
	at utilities.chainTestListener.onExecutionStart(chainTestListener.java:65)
	at org.testng.TestNG.runExecutionListeners(TestNG.java:1129)
	at org.testng.TestNG.run(TestNG.java:1074)
	at org.apache.maven.surefire.testng.TestNGExecutor.run(TestNGExecutor.java:284)
	at org.apache.maven.surefire.testng.TestNGXmlTestSuite.execute(TestNGXmlTestSuite.java:75)
	at org.apache.maven.surefire.testng.TestNGProvider.invoke(TestNGProvider.java:119)
	at org.apache.maven.surefire.booter.ForkedBooter.runSuitesInProcess(ForkedBooter.java:428)
	at org.apache.maven.surefire.booter.ForkedBooter.execute(ForkedBooter.java:162)
	at org.apache.maven.surefire.booter.ForkedBooter.run(ForkedBooter.java:562)
	at org.apache.maven.surefire.booter.ForkedBooter.main(ForkedBooter.java:548)
Caused by: java.net.ConnectException: null
	at java.net.http/jdk.internal.net.http.common.Utils.toConnectException(Utils.java:1055)
	at java.net.http/jdk.internal.net.http.PlainHttpConnection.connectAsync(PlainHttpConnection.java:198)
	at java.net.http/jdk.internal.net.http.PlainHttpConnection.checkRetryConnect(PlainHttpConnection.java:230)
	at java.net.http/jdk.internal.net.http.PlainHttpConnection.lambda$connectAsync$1(PlainHttpConnection.java:206)
	at java.base/java.util.concurrent.CompletableFuture.uniHandle(CompletableFuture.java:934)
	at java.base/java.util.concurrent.CompletableFuture$UniHandle.tryFire(CompletableFuture.java:911)
	at java.base/java.util.concurrent.CompletableFuture.postComplete(CompletableFuture.java:510)
	at java.base/java.util.concurrent.CompletableFuture$AsyncSupply.run(CompletableFuture.java:1773)
	at java.base/java.util.concurrent.ThreadPoolExecutor.runWorker(ThreadPoolExecutor.java:1136)
	at java.base/java.util.concurrent.ThreadPoolExecutor$Worker.run(ThreadPoolExecutor.java:635)
	at java.base/java.lang.Thread.run(Thread.java:842)
Caused by: java.nio.channels.ClosedChannelException: null
	at java.base/sun.nio.ch.SocketChannelImpl.ensureOpen(SocketChannelImpl.java:195)
	at java.base/sun.nio.ch.SocketChannelImpl.beginConnect(SocketChannelImpl.java:760)
	at java.base/sun.nio.ch.SocketChannelImpl.connect(SocketChannelImpl.java:848)
	at java.net.http/jdk.internal.net.http.PlainHttpConnection.lambda$connectAsync$0(PlainHttpConnection.java:183)
	at java.base/java.security.AccessController.doPrivileged(AccessController.java:569)
	at java.net.http/jdk.internal.net.http.PlainHttpConnection.connectAsync(PlainHttpConnection.java:185)
	... 9 common frames omitted
15:57:35.745 [main] DEBUG c.a.c.http.ChainTestApiClient - Created request for entity Build with body: {"id":0,"projectId":0,"projectName":"automation-bdd-cucumber","startedAt":1742849851575,"endedAt":0,"durationMs":0,"executionStage":"IN_PROGRESS","testRunner":"testng","name":null,"result":"PASSED","tagStatsMonitor":{},"tags":[],"gitRepository":null,"gitBranch":null,"gitCommitHash":null,"gitTags":null,"gitCommitMessage":null,"systemInfo":[{"id":0,"name":"java.version","val":"17.0.11"},{"id":0,"name":"java.vm.name","val":"Java HotSpot(TM) 64-Bit Server VM"},{"id":0,"name":"java.vm.vendor","val":"Oracle Corporation"},{"id":0,"name":"java.class.version","val":"61.0"},{"id":0,"name":"java.runtime.name","val":"Java(TM) SE Runtime Environment"},{"id":0,"name":"os.name","val":"Windows 11"},{"id":0,"name":"os.arch","val":"amd64"},{"id":0,"name":"os.version","val":"10.0"}],"bdd":false,"durationPretty":"0ms"}
15:57:35.753 [main] DEBUG c.a.chaintest.http.HttpRetryHandler - Failed to connect to the ChainTest service
java.net.ConnectException: null
	at java.net.http/jdk.internal.net.http.HttpClientImpl.send(HttpClientImpl.java:573)
	at java.net.http/jdk.internal.net.http.HttpClientFacade.send(HttpClientFacade.java:123)
	at com.aventstack.chaintest.http.ChainTestApiClient.send(ChainTestApiClient.java:150)
	at com.aventstack.chaintest.http.HttpRetryHandler.trySend(HttpRetryHandler.java:57)
	at com.aventstack.chaintest.http.HttpRetryHandler.trySend(HttpRetryHandler.java:90)
	at com.aventstack.chaintest.generator.ChainLPGenerator.start(ChainLPGenerator.java:96)
	at com.aventstack.chaintest.service.ChainPluginService.lambda$start$1(ChainPluginService.java:99)
	at java.base/java.util.stream.ForEachOps$ForEachOp$OfRef.accept(ForEachOps.java:183)
	at java.base/java.util.stream.ReferencePipeline$2$1.accept(ReferencePipeline.java:179)
	at java.base/java.util.ArrayList$ArrayListSpliterator.forEachRemaining(ArrayList.java:1625)
	at java.base/java.util.stream.AbstractPipeline.copyInto(AbstractPipeline.java:509)
	at java.base/java.util.stream.AbstractPipeline.wrapAndCopyInto(AbstractPipeline.java:499)
	at java.base/java.util.stream.ForEachOps$ForEachOp.evaluateSequential(ForEachOps.java:150)
	at java.base/java.util.stream.ForEachOps$ForEachOp$OfRef.evaluateSequential(ForEachOps.java:173)
	at java.base/java.util.stream.AbstractPipeline.evaluate(AbstractPipeline.java:234)
	at java.base/java.util.stream.ReferencePipeline.forEach(ReferencePipeline.java:596)
	at com.aventstack.chaintest.service.ChainPluginService.start(ChainPluginService.java:99)
	at utilities.chainTestListener.onExecutionStart(chainTestListener.java:65)
	at org.testng.TestNG.runExecutionListeners(TestNG.java:1129)
	at org.testng.TestNG.run(TestNG.java:1074)
	at org.apache.maven.surefire.testng.TestNGExecutor.run(TestNGExecutor.java:284)
	at org.apache.maven.surefire.testng.TestNGXmlTestSuite.execute(TestNGXmlTestSuite.java:75)
	at org.apache.maven.surefire.testng.TestNGProvider.invoke(TestNGProvider.java:119)
	at org.apache.maven.surefire.booter.ForkedBooter.runSuitesInProcess(ForkedBooter.java:428)
	at org.apache.maven.surefire.booter.ForkedBooter.execute(ForkedBooter.java:162)
	at org.apache.maven.surefire.booter.ForkedBooter.run(ForkedBooter.java:562)
	at org.apache.maven.surefire.booter.ForkedBooter.main(ForkedBooter.java:548)
Caused by: java.net.ConnectException: null
	at java.net.http/jdk.internal.net.http.common.Utils.toConnectException(Utils.java:1055)
	at java.net.http/jdk.internal.net.http.PlainHttpConnection.connectAsync(PlainHttpConnection.java:198)
	at java.net.http/jdk.internal.net.http.PlainHttpConnection.checkRetryConnect(PlainHttpConnection.java:230)
	at java.net.http/jdk.internal.net.http.PlainHttpConnection.lambda$connectAsync$1(PlainHttpConnection.java:206)
	at java.base/java.util.concurrent.CompletableFuture.uniHandle(CompletableFuture.java:934)
	at java.base/java.util.concurrent.CompletableFuture$UniHandle.tryFire(CompletableFuture.java:911)
	at java.base/java.util.concurrent.CompletableFuture.postComplete(CompletableFuture.java:510)
	at java.base/java.util.concurrent.CompletableFuture$AsyncSupply.run(CompletableFuture.java:1773)
	at java.base/java.util.concurrent.ThreadPoolExecutor.runWorker(ThreadPoolExecutor.java:1136)
	at java.base/java.util.concurrent.ThreadPoolExecutor$Worker.run(ThreadPoolExecutor.java:635)
	at java.base/java.lang.Thread.run(Thread.java:842)
Caused by: java.nio.channels.ClosedChannelException: null
	at java.base/sun.nio.ch.SocketChannelImpl.ensureOpen(SocketChannelImpl.java:195)
	at java.base/sun.nio.ch.SocketChannelImpl.beginConnect(SocketChannelImpl.java:760)
	at java.base/sun.nio.ch.SocketChannelImpl.connect(SocketChannelImpl.java:848)
	at java.net.http/jdk.internal.net.http.PlainHttpConnection.lambda$connectAsync$0(PlainHttpConnection.java:183)
	at java.base/java.security.AccessController.doPrivileged(AccessController.java:569)
	at java.net.http/jdk.internal.net.http.PlainHttpConnection.connectAsync(PlainHttpConnection.java:185)
	... 9 common frames omitted
15:57:37.757 [main] DEBUG c.a.c.http.ChainTestApiClient - Created request for entity Build with body: {"id":0,"projectId":0,"projectName":"automation-bdd-cucumber","startedAt":1742849851575,"endedAt":0,"durationMs":0,"executionStage":"IN_PROGRESS","testRunner":"testng","name":null,"result":"PASSED","tagStatsMonitor":{},"tags":[],"gitRepository":null,"gitBranch":null,"gitCommitHash":null,"gitTags":null,"gitCommitMessage":null,"systemInfo":[{"id":0,"name":"java.version","val":"17.0.11"},{"id":0,"name":"java.vm.name","val":"Java HotSpot(TM) 64-Bit Server VM"},{"id":0,"name":"java.vm.vendor","val":"Oracle Corporation"},{"id":0,"name":"java.class.version","val":"61.0"},{"id":0,"name":"java.runtime.name","val":"Java(TM) SE Runtime Environment"},{"id":0,"name":"os.name","val":"Windows 11"},{"id":0,"name":"os.arch","val":"amd64"},{"id":0,"name":"os.version","val":"10.0"}],"bdd":false,"durationPretty":"0ms"}
15:57:37.763 [main] DEBUG c.a.chaintest.http.HttpRetryHandler - Failed to connect to the ChainTest service
java.net.ConnectException: null
	at java.net.http/jdk.internal.net.http.HttpClientImpl.send(HttpClientImpl.java:573)
	at java.net.http/jdk.internal.net.http.HttpClientFacade.send(HttpClientFacade.java:123)
	at com.aventstack.chaintest.http.ChainTestApiClient.send(ChainTestApiClient.java:150)
	at com.aventstack.chaintest.http.HttpRetryHandler.trySend(HttpRetryHandler.java:57)
	at com.aventstack.chaintest.http.HttpRetryHandler.trySend(HttpRetryHandler.java:90)
	at com.aventstack.chaintest.generator.ChainLPGenerator.start(ChainLPGenerator.java:96)
	at com.aventstack.chaintest.service.ChainPluginService.lambda$start$1(ChainPluginService.java:99)
	at java.base/java.util.stream.ForEachOps$ForEachOp$OfRef.accept(ForEachOps.java:183)
	at java.base/java.util.stream.ReferencePipeline$2$1.accept(ReferencePipeline.java:179)
	at java.base/java.util.ArrayList$ArrayListSpliterator.forEachRemaining(ArrayList.java:1625)
	at java.base/java.util.stream.AbstractPipeline.copyInto(AbstractPipeline.java:509)
	at java.base/java.util.stream.AbstractPipeline.wrapAndCopyInto(AbstractPipeline.java:499)
	at java.base/java.util.stream.ForEachOps$ForEachOp.evaluateSequential(ForEachOps.java:150)
	at java.base/java.util.stream.ForEachOps$ForEachOp$OfRef.evaluateSequential(ForEachOps.java:173)
	at java.base/java.util.stream.AbstractPipeline.evaluate(AbstractPipeline.java:234)
	at java.base/java.util.stream.ReferencePipeline.forEach(ReferencePipeline.java:596)
	at com.aventstack.chaintest.service.ChainPluginService.start(ChainPluginService.java:99)
	at utilities.chainTestListener.onExecutionStart(chainTestListener.java:65)
	at org.testng.TestNG.runExecutionListeners(TestNG.java:1129)
	at org.testng.TestNG.run(TestNG.java:1074)
	at org.apache.maven.surefire.testng.TestNGExecutor.run(TestNGExecutor.java:284)
	at org.apache.maven.surefire.testng.TestNGXmlTestSuite.execute(TestNGXmlTestSuite.java:75)
	at org.apache.maven.surefire.testng.TestNGProvider.invoke(TestNGProvider.java:119)
	at org.apache.maven.surefire.booter.ForkedBooter.runSuitesInProcess(ForkedBooter.java:428)
	at org.apache.maven.surefire.booter.ForkedBooter.execute(ForkedBooter.java:162)
	at org.apache.maven.surefire.booter.ForkedBooter.run(ForkedBooter.java:562)
	at org.apache.maven.surefire.booter.ForkedBooter.main(ForkedBooter.java:548)
Caused by: java.net.ConnectException: null
	at java.net.http/jdk.internal.net.http.common.Utils.toConnectException(Utils.java:1055)
	at java.net.http/jdk.internal.net.http.PlainHttpConnection.connectAsync(PlainHttpConnection.java:198)
	at java.net.http/jdk.internal.net.http.PlainHttpConnection.checkRetryConnect(PlainHttpConnection.java:230)
	at java.net.http/jdk.internal.net.http.PlainHttpConnection.lambda$connectAsync$1(PlainHttpConnection.java:206)
	at java.base/java.util.concurrent.CompletableFuture.uniHandle(CompletableFuture.java:934)
	at java.base/java.util.concurrent.CompletableFuture$UniHandle.tryFire(CompletableFuture.java:911)
	at java.base/java.util.concurrent.CompletableFuture.postComplete(CompletableFuture.java:510)
	at java.base/java.util.concurrent.CompletableFuture$AsyncSupply.run(CompletableFuture.java:1773)
	at java.base/java.util.concurrent.ThreadPoolExecutor.runWorker(ThreadPoolExecutor.java:1136)
	at java.base/java.util.concurrent.ThreadPoolExecutor$Worker.run(ThreadPoolExecutor.java:635)
	at java.base/java.lang.Thread.run(Thread.java:842)
Caused by: java.nio.channels.ClosedChannelException: null
	at java.base/sun.nio.ch.SocketChannelImpl.ensureOpen(SocketChannelImpl.java:195)
	at java.base/sun.nio.ch.SocketChannelImpl.beginConnect(SocketChannelImpl.java:760)
	at java.base/sun.nio.ch.SocketChannelImpl.connect(SocketChannelImpl.java:848)
	at java.net.http/jdk.internal.net.http.PlainHttpConnection.lambda$connectAsync$0(PlainHttpConnection.java:183)
	at java.base/java.security.AccessController.doPrivileged(AccessController.java:569)
	at java.net.http/jdk.internal.net.http.PlainHttpConnection.connectAsync(PlainHttpConnection.java:185)
	... 9 common frames omitted
15:57:39.781 [main] DEBUG c.a.c.generator.FileGenerator - Loading template index.ftl for class class com.aventstack.chaintest.generator.ChainTestSimpleGenerator with basePackagePath simple
Running tests on: chrome

@register @login @username=<generated_username> @password=<generated_password>
Scenario: Login with credentails                                                                                            # src/test/resources/features/01_Login.feature:14
[INFO ] 2025-03-24 15:57:41.075 [TestNG-test-Chrome TestNgRunner Testng-1] WebDriverFactory - Initializing WebDriver for browser: chrome
[INFO ] 2025-03-24 15:57:42.794 [TestNG-test-Chrome TestNgRunner Testng-1] Loggerload - Register_App_URL
[INFO ] 2025-03-24 15:57:42.817 [TestNG-test-Chrome TestNgRunner Testng-1] RegisterStepDefinition - Opening ParaBank registration page: https://parabank.parasoft.com/parabank/register.htm
  Given I navigate to "<website>"                                                                                           # stepDefinitions.RegisterStepDefinition.i_navigate_to(java.lang.String)
Test passed
[INFO ] 2025-03-24 15:57:44.845 [TestNG-test-Chrome TestNgRunner Testng-1] RegisterStepDefinition - Filling user details on registration form
[INFO ] 2025-03-24 15:57:45.611 [TestNG-test-Chrome TestNgRunner Testng-1] RegisterStepDefinition - User details filled successfully
  Then I fill user details "<First Name>", "<Last Name>", "<Address>", "<City>", "<State>", "<ZipCode>", "<Phone>", "<SSN>" # stepDefinitions.RegisterStepDefinition.i_fill_user_details(java.lang.String,java.lang.String,java.lang.String,java.lang.String,java.lang.String,java.lang.String,java.lang.String,java.lang.String)
Test passed
[INFO ] 2025-03-24 15:57:45.885 [TestNG-test-Chrome TestNgRunner Testng-1] RegisterStepDefinition - Generating random credentials for registration
[INFO ] 2025-03-24 15:57:45.886 [TestNG-test-Chrome TestNgRunner Testng-1] RegisterStepDefinition - Generated Username: TestUser7118
[INFO ] 2025-03-24 15:57:45.886 [TestNG-test-Chrome TestNgRunner Testng-1] RegisterStepDefinition - Generated Password: Test@265
[INFO ] 2025-03-24 15:57:46.413 [TestNG-test-Chrome TestNgRunner Testng-1] RegisterStepDefinition - Entered credentials successfully: TestUser7118 / Test@265
  And I enter "<Username>", "<Password>", and "<Confirm Password>"                                                          # stepDefinitions.RegisterStepDefinition.i_enter_and(java.lang.String,java.lang.String,java.lang.String)
Test passed
[INFO ] 2025-03-24 15:57:46.854 [TestNG-test-Chrome TestNgRunner Testng-1] RegisterStepDefinition - Submitting registration form
[INFO ] 2025-03-24 15:57:46.854 [TestNG-test-Chrome TestNgRunner Testng-1] RegisterStepDefinition - Registration form submitted successfully.
  When I submit on Register button                                                                                          # stepDefinitions.RegisterStepDefinition.i_submit_on_register_button()
Test passed
[INFO ] 2025-03-24 15:57:47.181 [TestNG-test-Chrome TestNgRunner Testng-1] RegisterStepDefinition - Actual page title after registration: ParaBank | Customer Created
Welcome message is: Welcome TestUser7118
[INFO ] 2025-03-24 15:57:47.201 [TestNG-test-Chrome TestNgRunner Testng-1] RegisterStepDefinition - Registration success message: Welcome TestUser7118
Welcome message is: Your account was created successfully. You are now logged in.
[INFO ] 2025-03-24 15:57:47.216 [TestNG-test-Chrome TestNgRunner Testng-1] RegisterStepDefinition - Registration success message: Your account was created successfully. You are now logged in.
  Then I should be successfully navigated to the accounts page                                                              # stepDefinitions.RegisterStepDefinition.i_should_be_successfully_navigated_to_the_accounts_page()
Test passed
[INFO ] 2025-03-24 15:57:47.484 [TestNG-test-Chrome TestNgRunner Testng-1] Loggerload - Login App URL
[INFO ] 2025-03-24 15:57:47.487 [TestNG-test-Chrome TestNgRunner Testng-1] Loggerload - Element found and now performing Click
In Login Page
[INFO ] 2025-03-24 15:57:47.773 [TestNG-test-Chrome TestNgRunner Testng-1] LoginStepDefinition - I am in Login Page
  Given I am in LoginPage                                                                                                   # stepDefinitions.LoginStepDefinition.i_am_in_login_page()
Test passed
[INFO ] 2025-03-24 15:57:48.265 [TestNG-test-Chrome TestNgRunner Testng-1] LoginStepDefinition - Entering credentials: TestUser7118 / Test@265
[INFO ] 2025-03-24 15:57:48.384 [TestNG-test-Chrome TestNgRunner Testng-1] LoginStepDefinition - Entered credentials successfully.
  When I enter the registered username "<generated_username>" and password "<generated_password>"                           # stepDefinitions.LoginStepDefinition.i_enter_the_registered_username_and_password(java.lang.String,java.lang.String)
Test passed
[INFO ] 2025-03-24 15:57:48.693 [TestNG-test-Chrome TestNgRunner Testng-1] LoginStepDefinition - click login
[INFO ] 2025-03-24 15:57:48.699 [TestNG-test-Chrome TestNgRunner Testng-1] LoginStepDefinition - Check if already logged in, if not, then login
[INFO ] 2025-03-24 15:57:48.788 [TestNG-test-Chrome TestNgRunner Testng-1] Loggerload - Element found and now performing Click
[INFO ] 2025-03-24 15:57:49.247 [TestNG-test-Chrome TestNgRunner Testng-1] LoginStepDefinition - Successfully logged in and navigated to Accounts Overview.
  When Click login                                                                                                          # stepDefinitions.LoginStepDefinition.click_login()
Test passed
[INFO ] 2025-03-24 15:57:49.569 [TestNG-test-Chrome TestNgRunner Testng-1] LoginStepDefinition - logged in to Para Bank
logged in to Para Bank:
ParaBank | Accounts Overview
  And User is logged in to the website                                                                                      # stepDefinitions.LoginStepDefinition.user_is_logged_in_to_the_website()
Test passed
Successful login
[INFO ] 2025-03-24 15:57:49.857 [TestNG-test-Chrome TestNgRunner Testng-1] LoginStepDefinition - Successful login
  Then I validate the credentials                                                                                           # stepDefinitions.LoginStepDefinition.i_validate_the_credentials()
Test passed
[INFO ] 2025-03-24 15:57:50.290 [TestNG-test-Chrome TestNgRunner Testng-1] WebDriverFactory - WebDriver initialized: null
[INFO ] 2025-03-24 15:57:50.291 [TestNG-test-Chrome TestNgRunner Testng-1] WebDriverFactory - WebDriver quit: null
[INFO ] 2025-03-24 15:57:50.291 [TestNG-test-Chrome TestNgRunner Testng-1] WebDriverFactory - WebDriver closed.
Teardown: Browser closed.
]]></system-out>
    <system-err><![CDATA[log4j:WARN No appenders could be found for logger (freemarker.cache).
log4j:WARN Please initialize the log4j system properly.
log4j:WARN See http://logging.apache.org/log4j/1.2/faq.html#noconfig for more info.
Starting ChromeDriver 134.0.6998.165 (fd886e2cb29dd984c13deec032832dee68d8abe3-refs/branch-heads/6998@{#2122}) on port 63598
Only local connections are allowed.
Please see https://chromedriver.chromium.org/security-considerations for suggestions on keeping ChromeDriver safe.
ChromeDriver was started successfully on port 63598.
Mar 24, 2025 3:57:42 PM org.openqa.selenium.remote.ProtocolHandshake createSession
INFO: Detected dialect: W3C
Mar 24, 2025 3:57:42 PM org.openqa.selenium.devtools.CdpVersionFinder findNearestMatch
WARNING: Unable to find an exact match for CDP version 134, so returning the closest version found: 132
Mar 24, 2025 3:57:42 PM org.openqa.selenium.devtools.CdpVersionFinder findNearestMatch
INFO: Found CDP implementation for version 134 of 132
]]></system-err>
  </testcase>
  <testcase name="runScenario[&quot;Login with credentails&quot;, &quot;Register in to the website&quot;](1)" classname="testRunner.TestNgRunner" time="6.737">
    <system-out><![CDATA[15:58:15.831 [TestNG-test-Chrome TestNgRunner Testng-1] DEBUG c.a.c.p.ChainTestCucumberListener - Scenario start: Login with credentails
15:58:15.832 [TestNG-test-Chrome TestNgRunner Testng-1] DEBUG c.a.c.p.ChainTestCucumberListener - Step starting: I navigate to "<website>"
15:58:15.832 [TestNG-test-Chrome TestNgRunner Testng-1] DEBUG c.a.c.p.ChainTestCucumberListener - Step ending: Given I navigate to "<website>"
15:58:15.832 [TestNG-test-Chrome TestNgRunner Testng-1] DEBUG c.a.c.p.ChainTestCucumberListener - Step starting: I fill user details "<First Name>", "<Last Name>", "<Address>", "<City>", "<State>", "<ZipCode>", "<Phone>", "<SSN>"
15:58:15.833 [TestNG-test-Chrome TestNgRunner Testng-1] DEBUG c.a.c.p.ChainTestCucumberListener - Step ending: Then I fill user details "<First Name>", "<Last Name>", "<Address>", "<City>", "<State>", "<ZipCode>", "<Phone>", "<SSN>"
15:58:15.833 [TestNG-test-Chrome TestNgRunner Testng-1] DEBUG c.a.c.p.ChainTestCucumberListener - Step starting: I enter "<Username>", "<Password>", and "<Confirm Password>"
15:58:15.833 [TestNG-test-Chrome TestNgRunner Testng-1] DEBUG c.a.c.p.ChainTestCucumberListener - Step ending: And I enter "<Username>", "<Password>", and "<Confirm Password>"
15:58:15.833 [TestNG-test-Chrome TestNgRunner Testng-1] DEBUG c.a.c.p.ChainTestCucumberListener - Step starting: I submit on Register button
15:58:15.833 [TestNG-test-Chrome TestNgRunner Testng-1] DEBUG c.a.c.p.ChainTestCucumberListener - Step ending: When I submit on Register button
15:58:15.833 [TestNG-test-Chrome TestNgRunner Testng-1] DEBUG c.a.c.p.ChainTestCucumberListener - Step starting: I should be successfully navigated to the accounts page
15:58:15.833 [TestNG-test-Chrome TestNgRunner Testng-1] DEBUG c.a.c.p.ChainTestCucumberListener - Step ending: Then I should be successfully navigated to the accounts page
15:58:15.833 [TestNG-test-Chrome TestNgRunner Testng-1] DEBUG c.a.c.p.ChainTestCucumberListener - Step starting: I am in LoginPage
15:58:15.833 [TestNG-test-Chrome TestNgRunner Testng-1] DEBUG c.a.c.p.ChainTestCucumberListener - Step ending: Given I am in LoginPage
15:58:15.833 [TestNG-test-Chrome TestNgRunner Testng-1] DEBUG c.a.c.p.ChainTestCucumberListener - Step starting: I enter the registered username "<generated_username>" and password "<generated_password>"
15:58:15.833 [TestNG-test-Chrome TestNgRunner Testng-1] DEBUG c.a.c.p.ChainTestCucumberListener - Step ending: When I enter the registered username "<generated_username>" and password "<generated_password>"
15:58:15.833 [TestNG-test-Chrome TestNgRunner Testng-1] DEBUG c.a.c.p.ChainTestCucumberListener - Step starting: Click login
15:58:15.833 [TestNG-test-Chrome TestNgRunner Testng-1] DEBUG c.a.c.p.ChainTestCucumberListener - Step ending: When Click login
15:58:15.833 [TestNG-test-Chrome TestNgRunner Testng-1] DEBUG c.a.c.p.ChainTestCucumberListener - Step starting: User is logged in to the website
15:58:15.833 [TestNG-test-Chrome TestNgRunner Testng-1] DEBUG c.a.c.p.ChainTestCucumberListener - Step ending: And User is logged in to the website
15:58:15.833 [TestNG-test-Chrome TestNgRunner Testng-1] DEBUG c.a.c.p.ChainTestCucumberListener - Step starting: I validate the credentials
15:58:15.833 [TestNG-test-Chrome TestNgRunner Testng-1] DEBUG c.a.c.p.ChainTestCucumberListener - Step ending: Then I validate the credentials
15:58:15.834 [TestNG-test-Chrome TestNgRunner Testng-1] DEBUG c.a.c.p.ChainTestCucumberListener - Scenario end: Login with credentails
15:58:15.837 [TestNG-test-Chrome TestNgRunner Testng-1] DEBUG c.a.c.p.ChainTestCucumberListener - Scenario start: Open New Account
15:58:15.838 [TestNG-test-Chrome TestNgRunner Testng-1] DEBUG c.a.c.p.ChainTestCucumberListener - Step starting: I navigate to "<website>"
15:58:15.838 [TestNG-test-Chrome TestNgRunner Testng-1] DEBUG c.a.c.p.ChainTestCucumberListener - Step ending: Given I navigate to "<website>"
15:58:15.839 [TestNG-test-Chrome TestNgRunner Testng-1] DEBUG c.a.c.p.ChainTestCucumberListener - Step starting: I fill user details "<First Name>", "<Last Name>", "<Address>", "<City>", "<State>", "<ZipCode>", "<Phone>", "<SSN>"
15:58:15.839 [TestNG-test-Chrome TestNgRunner Testng-1] DEBUG c.a.c.p.ChainTestCucumberListener - Step ending: Then I fill user details "<First Name>", "<Last Name>", "<Address>", "<City>", "<State>", "<ZipCode>", "<Phone>", "<SSN>"
15:58:15.839 [TestNG-test-Chrome TestNgRunner Testng-1] DEBUG c.a.c.p.ChainTestCucumberListener - Step starting: I enter "<Username>", "<Password>", and "<Confirm Password>"
15:58:15.839 [TestNG-test-Chrome TestNgRunner Testng-1] DEBUG c.a.c.p.ChainTestCucumberListener - Step ending: And I enter "<Username>", "<Password>", and "<Confirm Password>"
15:58:15.839 [TestNG-test-Chrome TestNgRunner Testng-1] DEBUG c.a.c.p.ChainTestCucumberListener - Step starting: I submit on Register button
15:58:15.839 [TestNG-test-Chrome TestNgRunner Testng-1] DEBUG c.a.c.p.ChainTestCucumberListener - Step ending: When I submit on Register button
15:58:15.839 [TestNG-test-Chrome TestNgRunner Testng-1] DEBUG c.a.c.p.ChainTestCucumberListener - Step starting: I should be successfully navigated to the accounts page
15:58:15.839 [TestNG-test-Chrome TestNgRunner Testng-1] DEBUG c.a.c.p.ChainTestCucumberListener - Step ending: Then I should be successfully navigated to the accounts page
15:58:15.839 [TestNG-test-Chrome TestNgRunner Testng-1] DEBUG c.a.c.p.ChainTestCucumberListener - Step starting: In front page I click "Open New Account"
15:58:15.839 [TestNG-test-Chrome TestNgRunner Testng-1] DEBUG c.a.c.p.ChainTestCucumberListener - Step ending: Given In front page I click "Open New Account"
15:58:15.839 [TestNG-test-Chrome TestNgRunner Testng-1] DEBUG c.a.c.p.ChainTestCucumberListener - Step starting: I should see the account creation page
15:58:15.839 [TestNG-test-Chrome TestNgRunner Testng-1] DEBUG c.a.c.p.ChainTestCucumberListener - Step ending: Then I should see the account creation page
15:58:15.839 [TestNG-test-Chrome TestNgRunner Testng-1] DEBUG c.a.c.p.ChainTestCucumberListener - Step starting: I click open new account
15:58:15.839 [TestNG-test-Chrome TestNgRunner Testng-1] DEBUG c.a.c.p.ChainTestCucumberListener - Step ending: When I click open new account
15:58:15.840 [TestNG-test-Chrome TestNgRunner Testng-1] DEBUG c.a.c.p.ChainTestCucumberListener - Step starting: I select account type
15:58:15.840 [TestNG-test-Chrome TestNgRunner Testng-1] DEBUG c.a.c.p.ChainTestCucumberListener - Step ending: Then I select account type
15:58:15.840 [TestNG-test-Chrome TestNgRunner Testng-1] DEBUG c.a.c.p.ChainTestCucumberListener - Step starting: I enter deposit ammount
15:58:15.840 [TestNG-test-Chrome TestNgRunner Testng-1] DEBUG c.a.c.p.ChainTestCucumberListener - Step ending: Then I enter deposit ammount
15:58:15.840 [TestNG-test-Chrome TestNgRunner Testng-1] DEBUG c.a.c.p.ChainTestCucumberListener - Step starting: I create new account
15:58:15.840 [TestNG-test-Chrome TestNgRunner Testng-1] DEBUG c.a.c.p.ChainTestCucumberListener - Step ending: And I create new account
15:58:15.840 [TestNG-test-Chrome TestNgRunner Testng-1] DEBUG c.a.c.p.ChainTestCucumberListener - Step starting: I get success message for account creation
15:58:15.840 [TestNG-test-Chrome TestNgRunner Testng-1] DEBUG c.a.c.p.ChainTestCucumberListener - Step ending: Then I get success message for account creation
15:58:15.840 [TestNG-test-Chrome TestNgRunner Testng-1] DEBUG c.a.c.p.ChainTestCucumberListener - Scenario end: Open New Account
15:58:15.842 [TestNG-test-Chrome TestNgRunner Testng-1] DEBUG c.a.c.p.ChainTestCucumberListener - Scenario start: Transfer fund to New Account
15:58:15.843 [TestNG-test-Chrome TestNgRunner Testng-1] DEBUG c.a.c.p.ChainTestCucumberListener - Step starting: I navigate to "<website>"
15:58:15.843 [TestNG-test-Chrome TestNgRunner Testng-1] DEBUG c.a.c.p.ChainTestCucumberListener - Step ending: Given I navigate to "<website>"
15:58:15.843 [TestNG-test-Chrome TestNgRunner Testng-1] DEBUG c.a.c.p.ChainTestCucumberListener - Step starting: I fill user details "<First Name>", "<Last Name>", "<Address>", "<City>", "<State>", "<ZipCode>", "<Phone>", "<SSN>"
15:58:15.843 [TestNG-test-Chrome TestNgRunner Testng-1] DEBUG c.a.c.p.ChainTestCucumberListener - Step ending: Then I fill user details "<First Name>", "<Last Name>", "<Address>", "<City>", "<State>", "<ZipCode>", "<Phone>", "<SSN>"
15:58:15.843 [TestNG-test-Chrome TestNgRunner Testng-1] DEBUG c.a.c.p.ChainTestCucumberListener - Step starting: I enter "<Username>", "<Password>", and "<Confirm Password>"
15:58:15.843 [TestNG-test-Chrome TestNgRunner Testng-1] DEBUG c.a.c.p.ChainTestCucumberListener - Step ending: And I enter "<Username>", "<Password>", and "<Confirm Password>"
15:58:15.843 [TestNG-test-Chrome TestNgRunner Testng-1] DEBUG c.a.c.p.ChainTestCucumberListener - Step starting: I submit on Register button
15:58:15.843 [TestNG-test-Chrome TestNgRunner Testng-1] DEBUG c.a.c.p.ChainTestCucumberListener - Step ending: When I submit on Register button
15:58:15.843 [TestNG-test-Chrome TestNgRunner Testng-1] DEBUG c.a.c.p.ChainTestCucumberListener - Step starting: I should be successfully navigated to the accounts page
15:58:15.843 [TestNG-test-Chrome TestNgRunner Testng-1] DEBUG c.a.c.p.ChainTestCucumberListener - Step ending: Then I should be successfully navigated to the accounts page
15:58:15.844 [TestNG-test-Chrome TestNgRunner Testng-1] DEBUG c.a.c.p.ChainTestCucumberListener - Step starting: In front page I click "Open New Account"
15:58:15.844 [TestNG-test-Chrome TestNgRunner Testng-1] DEBUG c.a.c.p.ChainTestCucumberListener - Step ending: Given In front page I click "Open New Account"
15:58:15.844 [TestNG-test-Chrome TestNgRunner Testng-1] DEBUG c.a.c.p.ChainTestCucumberListener - Step starting: I should see the account creation page
15:58:15.844 [TestNG-test-Chrome TestNgRunner Testng-1] DEBUG c.a.c.p.ChainTestCucumberListener - Step ending: Then I should see the account creation page
15:58:15.844 [TestNG-test-Chrome TestNgRunner Testng-1] DEBUG c.a.c.p.ChainTestCucumberListener - Step starting: I click open new account
15:58:15.844 [TestNG-test-Chrome TestNgRunner Testng-1] DEBUG c.a.c.p.ChainTestCucumberListener - Step ending: When I click open new account
15:58:15.844 [TestNG-test-Chrome TestNgRunner Testng-1] DEBUG c.a.c.p.ChainTestCucumberListener - Step starting: I select account type
15:58:15.844 [TestNG-test-Chrome TestNgRunner Testng-1] DEBUG c.a.c.p.ChainTestCucumberListener - Step ending: Then I select account type
15:58:15.844 [TestNG-test-Chrome TestNgRunner Testng-1] DEBUG c.a.c.p.ChainTestCucumberListener - Step starting: I enter deposit ammount
15:58:15.845 [TestNG-test-Chrome TestNgRunner Testng-1] DEBUG c.a.c.p.ChainTestCucumberListener - Step ending: Then I enter deposit ammount
15:58:15.845 [TestNG-test-Chrome TestNgRunner Testng-1] DEBUG c.a.c.p.ChainTestCucumberListener - Step starting: I create new account
15:58:15.845 [TestNG-test-Chrome TestNgRunner Testng-1] DEBUG c.a.c.p.ChainTestCucumberListener - Step ending: And I create new account
15:58:15.845 [TestNG-test-Chrome TestNgRunner Testng-1] DEBUG c.a.c.p.ChainTestCucumberListener - Step starting: I get success message for account creation
15:58:15.846 [TestNG-test-Chrome TestNgRunner Testng-1] DEBUG c.a.c.p.ChainTestCucumberListener - Step ending: Then I get success message for account creation
15:58:15.847 [TestNG-test-Chrome TestNgRunner Testng-1] DEBUG c.a.c.p.ChainTestCucumberListener - Step starting: I click TransferFunds
15:58:15.847 [TestNG-test-Chrome TestNgRunner Testng-1] DEBUG c.a.c.p.ChainTestCucumberListener - Step ending: Given I click TransferFunds
15:58:15.847 [TestNG-test-Chrome TestNgRunner Testng-1] DEBUG c.a.c.p.ChainTestCucumberListener - Step starting: I enter amount to transfer
15:58:15.847 [TestNG-test-Chrome TestNgRunner Testng-1] DEBUG c.a.c.p.ChainTestCucumberListener - Step ending: Then I enter amount to transfer
15:58:15.847 [TestNG-test-Chrome TestNgRunner Testng-1] DEBUG c.a.c.p.ChainTestCucumberListener - Step starting: I select From account and To account
15:58:15.847 [TestNG-test-Chrome TestNgRunner Testng-1] DEBUG c.a.c.p.ChainTestCucumberListener - Step ending: Then I select From account and To account
15:58:15.848 [TestNG-test-Chrome TestNgRunner Testng-1] DEBUG c.a.c.p.ChainTestCucumberListener - Step starting: I submit Transfer button
15:58:15.848 [TestNG-test-Chrome TestNgRunner Testng-1] DEBUG c.a.c.p.ChainTestCucumberListener - Step ending: Then I submit Transfer button
15:58:15.848 [TestNG-test-Chrome TestNgRunner Testng-1] DEBUG c.a.c.p.ChainTestCucumberListener - Step starting: I should see the success message
15:58:15.848 [TestNG-test-Chrome TestNgRunner Testng-1] DEBUG c.a.c.p.ChainTestCucumberListener - Step ending: Then I should see the success message
15:58:15.848 [TestNG-test-Chrome TestNgRunner Testng-1] DEBUG c.a.c.p.ChainTestCucumberListener - Step starting: I should see the new balance in the account
15:58:15.848 [TestNG-test-Chrome TestNgRunner Testng-1] DEBUG c.a.c.p.ChainTestCucumberListener - Step ending: And I should see the new balance in the account
15:58:15.848 [TestNG-test-Chrome TestNgRunner Testng-1] DEBUG c.a.c.p.ChainTestCucumberListener - Scenario end: Transfer fund to New Account
15:58:15.849 [TestNG-test-Chrome TestNgRunner Testng-1] DEBUG c.a.c.p.ChainTestCucumberListener - Scenario start: Open New Account and Apply for Loan
15:58:15.849 [TestNG-test-Chrome TestNgRunner Testng-1] DEBUG c.a.c.p.ChainTestCucumberListener - Step starting: I navigate to "<website>"
15:58:15.849 [TestNG-test-Chrome TestNgRunner Testng-1] DEBUG c.a.c.p.ChainTestCucumberListener - Step ending: Given I navigate to "<website>"
15:58:15.849 [TestNG-test-Chrome TestNgRunner Testng-1] DEBUG c.a.c.p.ChainTestCucumberListener - Step starting: I fill user details "<First Name>", "<Last Name>", "<Address>", "<City>", "<State>", "<ZipCode>", "<Phone>", "<SSN>"
15:58:15.849 [TestNG-test-Chrome TestNgRunner Testng-1] DEBUG c.a.c.p.ChainTestCucumberListener - Step ending: Then I fill user details "<First Name>", "<Last Name>", "<Address>", "<City>", "<State>", "<ZipCode>", "<Phone>", "<SSN>"
15:58:15.849 [TestNG-test-Chrome TestNgRunner Testng-1] DEBUG c.a.c.p.ChainTestCucumberListener - Step starting: I enter "<Username>", "<Password>", and "<Confirm Password>"
15:58:15.849 [TestNG-test-Chrome TestNgRunner Testng-1] DEBUG c.a.c.p.ChainTestCucumberListener - Step ending: And I enter "<Username>", "<Password>", and "<Confirm Password>"
15:58:15.849 [TestNG-test-Chrome TestNgRunner Testng-1] DEBUG c.a.c.p.ChainTestCucumberListener - Step starting: I submit on Register button
15:58:15.849 [TestNG-test-Chrome TestNgRunner Testng-1] DEBUG c.a.c.p.ChainTestCucumberListener - Step ending: When I submit on Register button
15:58:15.849 [TestNG-test-Chrome TestNgRunner Testng-1] DEBUG c.a.c.p.ChainTestCucumberListener - Step starting: I should be successfully navigated to the accounts page
15:58:15.849 [TestNG-test-Chrome TestNgRunner Testng-1] DEBUG c.a.c.p.ChainTestCucumberListener - Step ending: Then I should be successfully navigated to the accounts page
15:58:15.849 [TestNG-test-Chrome TestNgRunner Testng-1] DEBUG c.a.c.p.ChainTestCucumberListener - Step starting: In front page I click "Open New Account"
15:58:15.849 [TestNG-test-Chrome TestNgRunner Testng-1] DEBUG c.a.c.p.ChainTestCucumberListener - Step ending: Given In front page I click "Open New Account"
15:58:15.849 [TestNG-test-Chrome TestNgRunner Testng-1] DEBUG c.a.c.p.ChainTestCucumberListener - Step starting: I should see the account creation page
15:58:15.849 [TestNG-test-Chrome TestNgRunner Testng-1] DEBUG c.a.c.p.ChainTestCucumberListener - Step ending: Then I should see the account creation page
15:58:15.849 [TestNG-test-Chrome TestNgRunner Testng-1] DEBUG c.a.c.p.ChainTestCucumberListener - Step starting: I click open new account
15:58:15.849 [TestNG-test-Chrome TestNgRunner Testng-1] DEBUG c.a.c.p.ChainTestCucumberListener - Step ending: When I click open new account
15:58:15.849 [TestNG-test-Chrome TestNgRunner Testng-1] DEBUG c.a.c.p.ChainTestCucumberListener - Step starting: I select account type
15:58:15.849 [TestNG-test-Chrome TestNgRunner Testng-1] DEBUG c.a.c.p.ChainTestCucumberListener - Step ending: Then I select account type
15:58:15.849 [TestNG-test-Chrome TestNgRunner Testng-1] DEBUG c.a.c.p.ChainTestCucumberListener - Step starting: I enter deposit ammount
15:58:15.850 [TestNG-test-Chrome TestNgRunner Testng-1] DEBUG c.a.c.p.ChainTestCucumberListener - Step ending: Then I enter deposit ammount
15:58:15.850 [TestNG-test-Chrome TestNgRunner Testng-1] DEBUG c.a.c.p.ChainTestCucumberListener - Step starting: I create new account
15:58:15.850 [TestNG-test-Chrome TestNgRunner Testng-1] DEBUG c.a.c.p.ChainTestCucumberListener - Step ending: And I create new account
15:58:15.850 [TestNG-test-Chrome TestNgRunner Testng-1] DEBUG c.a.c.p.ChainTestCucumberListener - Step starting: I get success message for account creation
15:58:15.850 [TestNG-test-Chrome TestNgRunner Testng-1] DEBUG c.a.c.p.ChainTestCucumberListener - Step ending: Then I get success message for account creation
15:58:15.850 [TestNG-test-Chrome TestNgRunner Testng-1] DEBUG c.a.c.p.ChainTestCucumberListener - Step starting: I click request Loan
15:58:15.850 [TestNG-test-Chrome TestNgRunner Testng-1] DEBUG c.a.c.p.ChainTestCucumberListener - Step ending: Then I click request Loan
15:58:15.850 [TestNG-test-Chrome TestNgRunner Testng-1] DEBUG c.a.c.p.ChainTestCucumberListener - Step starting: I enter loan amount
15:58:15.850 [TestNG-test-Chrome TestNgRunner Testng-1] DEBUG c.a.c.p.ChainTestCucumberListener - Step ending: Then I enter loan amount
15:58:15.850 [TestNG-test-Chrome TestNgRunner Testng-1] DEBUG c.a.c.p.ChainTestCucumberListener - Step starting: I enter down payment amount
15:58:15.850 [TestNG-test-Chrome TestNgRunner Testng-1] DEBUG c.a.c.p.ChainTestCucumberListener - Step ending: Then I enter down payment amount
15:58:15.850 [TestNG-test-Chrome TestNgRunner Testng-1] DEBUG c.a.c.p.ChainTestCucumberListener - Step starting: I select From Account
15:58:15.850 [TestNG-test-Chrome TestNgRunner Testng-1] DEBUG c.a.c.p.ChainTestCucumberListener - Step ending: Then I select From Account
15:58:15.850 [TestNG-test-Chrome TestNgRunner Testng-1] DEBUG c.a.c.p.ChainTestCucumberListener - Step starting: I submit loan request
15:58:15.850 [TestNG-test-Chrome TestNgRunner Testng-1] DEBUG c.a.c.p.ChainTestCucumberListener - Step ending: Then I submit loan request
15:58:15.850 [TestNG-test-Chrome TestNgRunner Testng-1] DEBUG c.a.c.p.ChainTestCucumberListener - Step starting: I should see the success message for loan approved
15:58:15.850 [TestNG-test-Chrome TestNgRunner Testng-1] DEBUG c.a.c.p.ChainTestCucumberListener - Step ending: Then I should see the success message for loan approved
15:58:15.850 [TestNG-test-Chrome TestNgRunner Testng-1] DEBUG c.a.c.p.ChainTestCucumberListener - Scenario end: Open New Account and Apply for Loan
15:58:15.860 [TestNG-test-Chrome TestNgRunner Testng-1] DEBUG c.a.c.p.ChainTestCucumberListener - Preparing to finalize and send Feature [Feature: I open new account and transfer fund]: file:///C:/Users/nreka/vscodedevops/parabank/src/test/resources/features/03_TransferFund.feature
15:58:15.861 [TestNG-test-Chrome TestNgRunner Testng-1] DEBUG c.a.c.p.ChainTestCucumberListener - Preparing to finalize and send Feature [Feature: Register in to the website]: file:///C:/Users/nreka/vscodedevops/parabank/src/test/resources/features/01_Login.feature
15:58:15.861 [TestNG-test-Chrome TestNgRunner Testng-1] DEBUG c.a.c.p.ChainTestCucumberListener - Preparing to finalize and send Feature [Feature: I request loan from the bank]: file:///C:/Users/nreka/vscodedevops/parabank/src/test/resources/features/04_RequestLoan.feature
15:58:15.861 [TestNG-test-Chrome TestNgRunner Testng-1] DEBUG c.a.c.p.ChainTestCucumberListener - Preparing to finalize and send Feature [Feature: I open new account]: file:///C:/Users/nreka/vscodedevops/parabank/src/test/resources/features/02_Account.feature
Running tests on: chrome

@register @login @username=<generated_username> @password=<generated_password>
Scenario: Login with credentails                                                                                            # src/test/resources/features/01_Login.feature:14
[INFO ] 2025-03-24 15:58:15.965 [TestNG-test-Firefox TestNgRunner Testng-1] WebDriverFactory - Initializing WebDriver for browser: chrome
[INFO ] 2025-03-24 15:58:16.787 [TestNG-test-Firefox TestNgRunner Testng-1] Loggerload - Register_App_URL
[INFO ] 2025-03-24 15:58:16.787 [TestNG-test-Firefox TestNgRunner Testng-1] RegisterStepDefinition - Opening ParaBank registration page: https://parabank.parasoft.com/parabank/register.htm
  Given I navigate to "<website>"                                                                                           # stepDefinitions.RegisterStepDefinition.i_navigate_to(java.lang.String)
Test passed
[INFO ] 2025-03-24 15:58:17.934 [TestNG-test-Firefox TestNgRunner Testng-1] RegisterStepDefinition - Filling user details on registration form
[INFO ] 2025-03-24 15:58:18.338 [TestNG-test-Firefox TestNgRunner Testng-1] RegisterStepDefinition - User details filled successfully
  Then I fill user details "<First Name>", "<Last Name>", "<Address>", "<City>", "<State>", "<ZipCode>", "<Phone>", "<SSN>" # stepDefinitions.RegisterStepDefinition.i_fill_user_details(java.lang.String,java.lang.String,java.lang.String,java.lang.String,java.lang.String,java.lang.String,java.lang.String,java.lang.String)
Test passed
[INFO ] 2025-03-24 15:58:18.617 [TestNG-test-Firefox TestNgRunner Testng-1] RegisterStepDefinition - Generating random credentials for registration
[INFO ] 2025-03-24 15:58:18.617 [TestNG-test-Firefox TestNgRunner Testng-1] RegisterStepDefinition - Generated Username: TestUser5190
[INFO ] 2025-03-24 15:58:18.617 [TestNG-test-Firefox TestNgRunner Testng-1] RegisterStepDefinition - Generated Password: Test@59
[INFO ] 2025-03-24 15:58:18.991 [TestNG-test-Firefox TestNgRunner Testng-1] RegisterStepDefinition - Entered credentials successfully: TestUser5190 / Test@59
  And I enter "<Username>", "<Password>", and "<Confirm Password>"                                                          # stepDefinitions.RegisterStepDefinition.i_enter_and(java.lang.String,java.lang.String,java.lang.String)
Test passed
[INFO ] 2025-03-24 15:58:19.338 [TestNG-test-Firefox TestNgRunner Testng-1] RegisterStepDefinition - Submitting registration form
[INFO ] 2025-03-24 15:58:19.338 [TestNG-test-Firefox TestNgRunner Testng-1] RegisterStepDefinition - Registration form submitted successfully.
  When I submit on Register button                                                                                          # stepDefinitions.RegisterStepDefinition.i_submit_on_register_button()
Test passed
[INFO ] 2025-03-24 15:58:19.630 [TestNG-test-Firefox TestNgRunner Testng-1] RegisterStepDefinition - Actual page title after registration: ParaBank | Customer Created
Welcome message is: Welcome TestUser5190
[INFO ] 2025-03-24 15:58:19.649 [TestNG-test-Firefox TestNgRunner Testng-1] RegisterStepDefinition - Registration success message: Welcome TestUser5190
Welcome message is: Your account was created successfully. You are now logged in.
[INFO ] 2025-03-24 15:58:19.662 [TestNG-test-Firefox TestNgRunner Testng-1] RegisterStepDefinition - Registration success message: Your account was created successfully. You are now logged in.
  Then I should be successfully navigated to the accounts page                                                              # stepDefinitions.RegisterStepDefinition.i_should_be_successfully_navigated_to_the_accounts_page()
Test passed
[INFO ] 2025-03-24 15:58:19.956 [TestNG-test-Firefox TestNgRunner Testng-1] Loggerload - Login App URL
[INFO ] 2025-03-24 15:58:19.956 [TestNG-test-Firefox TestNgRunner Testng-1] Loggerload - Element found and now performing Click
In Login Page
[INFO ] 2025-03-24 15:58:20.211 [TestNG-test-Firefox TestNgRunner Testng-1] LoginStepDefinition - I am in Login Page
  Given I am in LoginPage                                                                                                   # stepDefinitions.LoginStepDefinition.i_am_in_login_page()
Test passed
[INFO ] 2025-03-24 15:58:20.681 [TestNG-test-Firefox TestNgRunner Testng-1] LoginStepDefinition - Entering credentials: TestUser5190 / Test@59
[INFO ] 2025-03-24 15:58:20.777 [TestNG-test-Firefox TestNgRunner Testng-1] LoginStepDefinition - Entered credentials successfully.
  When I enter the registered username "<generated_username>" and password "<generated_password>"                           # stepDefinitions.LoginStepDefinition.i_enter_the_registered_username_and_password(java.lang.String,java.lang.String)
Test passed
[INFO ] 2025-03-24 15:58:21.096 [TestNG-test-Firefox TestNgRunner Testng-1] LoginStepDefinition - click login
[INFO ] 2025-03-24 15:58:21.100 [TestNG-test-Firefox TestNgRunner Testng-1] LoginStepDefinition - Check if already logged in, if not, then login
[INFO ] 2025-03-24 15:58:21.126 [TestNG-test-Firefox TestNgRunner Testng-1] Loggerload - Element found and now performing Click
[INFO ] 2025-03-24 15:58:21.574 [TestNG-test-Firefox TestNgRunner Testng-1] LoginStepDefinition - Successfully logged in and navigated to Accounts Overview.
  When Click login                                                                                                          # stepDefinitions.LoginStepDefinition.click_login()
Test passed
[INFO ] 2025-03-24 15:58:21.927 [TestNG-test-Firefox TestNgRunner Testng-1] LoginStepDefinition - logged in to Para Bank
logged in to Para Bank:
ParaBank | Accounts Overview
  And User is logged in to the website                                                                                      # stepDefinitions.LoginStepDefinition.user_is_logged_in_to_the_website()
Test passed
Successful login
[INFO ] 2025-03-24 15:58:22.227 [TestNG-test-Firefox TestNgRunner Testng-1] LoginStepDefinition - Successful login
  Then I validate the credentials                                                                                           # stepDefinitions.LoginStepDefinition.i_validate_the_credentials()
Test passed
[INFO ] 2025-03-24 15:58:22.672 [TestNG-test-Firefox TestNgRunner Testng-1] WebDriverFactory - WebDriver initialized: null
[INFO ] 2025-03-24 15:58:22.672 [TestNG-test-Firefox TestNgRunner Testng-1] WebDriverFactory - WebDriver quit: null
[INFO ] 2025-03-24 15:58:22.673 [TestNG-test-Firefox TestNgRunner Testng-1] WebDriverFactory - WebDriver closed.
Teardown: Browser closed.
]]></system-out>
    <system-err><![CDATA[Starting ChromeDriver 134.0.6998.165 (fd886e2cb29dd984c13deec032832dee68d8abe3-refs/branch-heads/6998@{#2122}) on port 61236
Only local connections are allowed.
Please see https://chromedriver.chromium.org/security-considerations for suggestions on keeping ChromeDriver safe.
ChromeDriver was started successfully on port 61236.
Mar 24, 2025 3:58:16 PM org.openqa.selenium.remote.ProtocolHandshake createSession
INFO: Detected dialect: W3C
Mar 24, 2025 3:58:16 PM org.openqa.selenium.devtools.CdpVersionFinder findNearestMatch
WARNING: Unable to find an exact match for CDP version 134, so returning the closest version found: 132
Mar 24, 2025 3:58:16 PM org.openqa.selenium.devtools.CdpVersionFinder findNearestMatch
INFO: Found CDP implementation for version 134 of 132
]]></system-err>
  </testcase>
  <testcase name="runScenario[&quot;Open New Account&quot;, &quot;I open new account&quot;](2)" classname="testRunner.TestNgRunner" time="6.846">
    <system-out><![CDATA[
@registerOpenAccount @openAccount
Scenario: Open New Account                                                                                                  # src/test/resources/features/02_Account.feature:13
[INFO ] 2025-03-24 15:57:50.323 [TestNG-test-Chrome TestNgRunner Testng-1] WebDriverFactory - Initializing WebDriver for browser: chrome
[INFO ] 2025-03-24 15:57:51.028 [TestNG-test-Chrome TestNgRunner Testng-1] Loggerload - Register_App_URL
[INFO ] 2025-03-24 15:57:51.028 [TestNG-test-Chrome TestNgRunner Testng-1] RegisterStepDefinition - Opening ParaBank registration page: https://parabank.parasoft.com/parabank/register.htm
  Given I navigate to "<website>"                                                                                           # stepDefinitions.RegisterStepDefinition.i_navigate_to(java.lang.String)
Test passed
[INFO ] 2025-03-24 15:57:52.135 [TestNG-test-Chrome TestNgRunner Testng-1] RegisterStepDefinition - Filling user details on registration form
[INFO ] 2025-03-24 15:57:52.543 [TestNG-test-Chrome TestNgRunner Testng-1] RegisterStepDefinition - User details filled successfully
  Then I fill user details "<First Name>", "<Last Name>", "<Address>", "<City>", "<State>", "<ZipCode>", "<Phone>", "<SSN>" # stepDefinitions.RegisterStepDefinition.i_fill_user_details(java.lang.String,java.lang.String,java.lang.String,java.lang.String,java.lang.String,java.lang.String,java.lang.String,java.lang.String)
Test passed
[INFO ] 2025-03-24 15:57:52.837 [TestNG-test-Chrome TestNgRunner Testng-1] RegisterStepDefinition - Generating random credentials for registration
[INFO ] 2025-03-24 15:57:52.837 [TestNG-test-Chrome TestNgRunner Testng-1] RegisterStepDefinition - Generated Username: TestUser2865
[INFO ] 2025-03-24 15:57:52.837 [TestNG-test-Chrome TestNgRunner Testng-1] RegisterStepDefinition - Generated Password: Test@147
[INFO ] 2025-03-24 15:57:53.236 [TestNG-test-Chrome TestNgRunner Testng-1] RegisterStepDefinition - Entered credentials successfully: TestUser2865 / Test@147
  And I enter "<Username>", "<Password>", and "<Confirm Password>"                                                          # stepDefinitions.RegisterStepDefinition.i_enter_and(java.lang.String,java.lang.String,java.lang.String)
Test passed
[INFO ] 2025-03-24 15:57:53.603 [TestNG-test-Chrome TestNgRunner Testng-1] RegisterStepDefinition - Submitting registration form
[INFO ] 2025-03-24 15:57:53.603 [TestNG-test-Chrome TestNgRunner Testng-1] RegisterStepDefinition - Registration form submitted successfully.
  When I submit on Register button                                                                                          # stepDefinitions.RegisterStepDefinition.i_submit_on_register_button()
Test passed
[INFO ] 2025-03-24 15:57:53.930 [TestNG-test-Chrome TestNgRunner Testng-1] RegisterStepDefinition - Actual page title after registration: ParaBank | Customer Created
Welcome message is: Welcome TestUser2865
[INFO ] 2025-03-24 15:57:53.952 [TestNG-test-Chrome TestNgRunner Testng-1] RegisterStepDefinition - Registration success message: Welcome TestUser2865
Welcome message is: Your account was created successfully. You are now logged in.
[INFO ] 2025-03-24 15:57:53.970 [TestNG-test-Chrome TestNgRunner Testng-1] RegisterStepDefinition - Registration success message: Your account was created successfully. You are now logged in.
  Then I should be successfully navigated to the accounts page                                                              # stepDefinitions.RegisterStepDefinition.i_should_be_successfully_navigated_to_the_accounts_page()
Test passed
[INFO ] 2025-03-24 15:57:54.240 [TestNG-test-Chrome TestNgRunner Testng-1] AccountStepDefinition - Clicking on: Open New Account
  Given In front page I click "Open New Account"                                                                            # stepDefinitions.AccountStepDefinition.in_front_page_i_click(java.lang.String)
Test passed
[INFO ] 2025-03-24 15:57:54.736 [TestNG-test-Chrome TestNgRunner Testng-1] AccountStepDefinition - Navigated to account creation page
48420
$1000.00
$1000.00
Total
$1000.00
 
[INFO ] 2025-03-24 15:57:54.782 [TestNG-test-Chrome TestNgRunner Testng-1] AccountStepDefinition - Got all details of the account
  Then I should see the account creation page                                                                               # stepDefinitions.AccountStepDefinition.i_should_see_the_account_creation_page()
Test passed
[INFO ] 2025-03-24 15:57:55.050 [TestNG-test-Chrome TestNgRunner Testng-1] AccountStepDefinition - Opening a new bank account
[INFO ] 2025-03-24 15:57:55.244 [TestNG-test-Chrome TestNgRunner Testng-1] AccountStepDefinition - clicked open new account
  When I click open new account                                                                                             # stepDefinitions.AccountStepDefinition.i_click_open_new_account()
Test passed
[INFO ] 2025-03-24 15:57:55.611 [TestNG-test-Chrome TestNgRunner Testng-1] AccountStepDefinition - Selected account type: Savings
  Then I select account type                                                                                                # stepDefinitions.AccountStepDefinition.i_select_account_type()
Test passed
[INFO ] 2025-03-24 15:57:55.997 [TestNG-test-Chrome TestNgRunner Testng-1] AccountStepDefinition - Input deposit amount: 1000
  Then I enter deposit ammount                                                                                              # stepDefinitions.AccountStepDefinition.i_enter_deposit_ammount()
Test passed
[INFO ] 2025-03-24 15:57:56.331 [TestNG-test-Chrome TestNgRunner Testng-1] AccountStepDefinition - Opened new account form
[INFO ] 2025-03-24 15:57:56.338 [TestNG-test-Chrome TestNgRunner Testng-1] AccountStepDefinition - Account created successfully
  And I create new account                                                                                                  # stepDefinitions.AccountStepDefinition.i_create_new_account()
Test passed
[INFO ] 2025-03-24 15:57:56.641 [TestNG-test-Chrome TestNgRunner Testng-1] AccountStepDefinition - Account opened successfully
  Then I get success message for account creation                                                                           # stepDefinitions.AccountStepDefinition.i_get_success_message_for_account_creation()
Test passed
[INFO ] 2025-03-24 15:57:57.159 [TestNG-test-Chrome TestNgRunner Testng-1] WebDriverFactory - WebDriver initialized: null
[INFO ] 2025-03-24 15:57:57.159 [TestNG-test-Chrome TestNgRunner Testng-1] WebDriverFactory - WebDriver quit: null
[INFO ] 2025-03-24 15:57:57.160 [TestNG-test-Chrome TestNgRunner Testng-1] WebDriverFactory - WebDriver closed.
Teardown: Browser closed.
]]></system-out>
    <system-err><![CDATA[Starting ChromeDriver 134.0.6998.165 (fd886e2cb29dd984c13deec032832dee68d8abe3-refs/branch-heads/6998@{#2122}) on port 62605
Only local connections are allowed.
Please see https://chromedriver.chromium.org/security-considerations for suggestions on keeping ChromeDriver safe.
ChromeDriver was started successfully on port 62605.
Mar 24, 2025 3:57:50 PM org.openqa.selenium.remote.ProtocolHandshake createSession
INFO: Detected dialect: W3C
Mar 24, 2025 3:57:50 PM org.openqa.selenium.devtools.CdpVersionFinder findNearestMatch
WARNING: Unable to find an exact match for CDP version 134, so returning the closest version found: 132
Mar 24, 2025 3:57:50 PM org.openqa.selenium.devtools.CdpVersionFinder findNearestMatch
INFO: Found CDP implementation for version 134 of 132
]]></system-err>
  </testcase>
  <testcase name="runScenario[&quot;Open New Account&quot;, &quot;I open new account&quot;](2)" classname="testRunner.TestNgRunner" time="6.917">
    <system-out><![CDATA[
@registerOpenAccount @openAccount
Scenario: Open New Account                                                                                                  # src/test/resources/features/02_Account.feature:13
[INFO ] 2025-03-24 15:58:22.681 [TestNG-test-Firefox TestNgRunner Testng-1] WebDriverFactory - Initializing WebDriver for browser: chrome
[INFO ] 2025-03-24 15:58:23.365 [TestNG-test-Firefox TestNgRunner Testng-1] Loggerload - Register_App_URL
[INFO ] 2025-03-24 15:58:23.365 [TestNG-test-Firefox TestNgRunner Testng-1] RegisterStepDefinition - Opening ParaBank registration page: https://parabank.parasoft.com/parabank/register.htm
  Given I navigate to "<website>"                                                                                           # stepDefinitions.RegisterStepDefinition.i_navigate_to(java.lang.String)
Test passed
[INFO ] 2025-03-24 15:58:24.393 [TestNG-test-Firefox TestNgRunner Testng-1] RegisterStepDefinition - Filling user details on registration form
[INFO ] 2025-03-24 15:58:24.756 [TestNG-test-Firefox TestNgRunner Testng-1] RegisterStepDefinition - User details filled successfully
  Then I fill user details "<First Name>", "<Last Name>", "<Address>", "<City>", "<State>", "<ZipCode>", "<Phone>", "<SSN>" # stepDefinitions.RegisterStepDefinition.i_fill_user_details(java.lang.String,java.lang.String,java.lang.String,java.lang.String,java.lang.String,java.lang.String,java.lang.String,java.lang.String)
Test passed
[INFO ] 2025-03-24 15:58:25.046 [TestNG-test-Firefox TestNgRunner Testng-1] RegisterStepDefinition - Generating random credentials for registration
[INFO ] 2025-03-24 15:58:25.046 [TestNG-test-Firefox TestNgRunner Testng-1] RegisterStepDefinition - Generated Username: TestUser7896
[INFO ] 2025-03-24 15:58:25.046 [TestNG-test-Firefox TestNgRunner Testng-1] RegisterStepDefinition - Generated Password: Test@9
[INFO ] 2025-03-24 15:58:25.435 [TestNG-test-Firefox TestNgRunner Testng-1] RegisterStepDefinition - Entered credentials successfully: TestUser7896 / Test@9
  And I enter "<Username>", "<Password>", and "<Confirm Password>"                                                          # stepDefinitions.RegisterStepDefinition.i_enter_and(java.lang.String,java.lang.String,java.lang.String)
Test passed
[INFO ] 2025-03-24 15:58:25.947 [TestNG-test-Firefox TestNgRunner Testng-1] RegisterStepDefinition - Submitting registration form
[INFO ] 2025-03-24 15:58:25.947 [TestNG-test-Firefox TestNgRunner Testng-1] RegisterStepDefinition - Registration form submitted successfully.
  When I submit on Register button                                                                                          # stepDefinitions.RegisterStepDefinition.i_submit_on_register_button()
Test passed
[INFO ] 2025-03-24 15:58:26.251 [TestNG-test-Firefox TestNgRunner Testng-1] RegisterStepDefinition - Actual page title after registration: ParaBank | Customer Created
Welcome message is: Welcome TestUser7896
[INFO ] 2025-03-24 15:58:26.270 [TestNG-test-Firefox TestNgRunner Testng-1] RegisterStepDefinition - Registration success message: Welcome TestUser7896
Welcome message is: Your account was created successfully. You are now logged in.
[INFO ] 2025-03-24 15:58:26.282 [TestNG-test-Firefox TestNgRunner Testng-1] RegisterStepDefinition - Registration success message: Your account was created successfully. You are now logged in.
  Then I should be successfully navigated to the accounts page                                                              # stepDefinitions.RegisterStepDefinition.i_should_be_successfully_navigated_to_the_accounts_page()
Test passed
[INFO ] 2025-03-24 15:58:26.544 [TestNG-test-Firefox TestNgRunner Testng-1] AccountStepDefinition - Clicking on: Open New Account
  Given In front page I click "Open New Account"                                                                            # stepDefinitions.AccountStepDefinition.in_front_page_i_click(java.lang.String)
Test passed
[INFO ] 2025-03-24 15:58:27.047 [TestNG-test-Firefox TestNgRunner Testng-1] AccountStepDefinition - Navigated to account creation page
49308
$1000.00
$1000.00
Total
$1000.00
 
[INFO ] 2025-03-24 15:58:27.089 [TestNG-test-Firefox TestNgRunner Testng-1] AccountStepDefinition - Got all details of the account
  Then I should see the account creation page                                                                               # stepDefinitions.AccountStepDefinition.i_should_see_the_account_creation_page()
Test passed
[INFO ] 2025-03-24 15:58:27.344 [TestNG-test-Firefox TestNgRunner Testng-1] AccountStepDefinition - Opening a new bank account
[INFO ] 2025-03-24 15:58:27.519 [TestNG-test-Firefox TestNgRunner Testng-1] AccountStepDefinition - clicked open new account
  When I click open new account                                                                                             # stepDefinitions.AccountStepDefinition.i_click_open_new_account()
Test passed
[INFO ] 2025-03-24 15:58:27.957 [TestNG-test-Firefox TestNgRunner Testng-1] AccountStepDefinition - Selected account type: Savings
  Then I select account type                                                                                                # stepDefinitions.AccountStepDefinition.i_select_account_type()
Test passed
[INFO ] 2025-03-24 15:58:28.352 [TestNG-test-Firefox TestNgRunner Testng-1] AccountStepDefinition - Input deposit amount: 1000
  Then I enter deposit ammount                                                                                              # stepDefinitions.AccountStepDefinition.i_enter_deposit_ammount()
Test passed
[INFO ] 2025-03-24 15:58:28.689 [TestNG-test-Firefox TestNgRunner Testng-1] AccountStepDefinition - Opened new account form
[INFO ] 2025-03-24 15:58:28.692 [TestNG-test-Firefox TestNgRunner Testng-1] AccountStepDefinition - Account created successfully
  And I create new account                                                                                                  # stepDefinitions.AccountStepDefinition.i_create_new_account()
Test passed
[INFO ] 2025-03-24 15:58:29.009 [TestNG-test-Firefox TestNgRunner Testng-1] AccountStepDefinition - Account opened successfully
  Then I get success message for account creation                                                                           # stepDefinitions.AccountStepDefinition.i_get_success_message_for_account_creation()
Test passed
[INFO ] 2025-03-24 15:58:29.560 [TestNG-test-Firefox TestNgRunner Testng-1] WebDriverFactory - WebDriver initialized: null
[INFO ] 2025-03-24 15:58:29.561 [TestNG-test-Firefox TestNgRunner Testng-1] WebDriverFactory - WebDriver quit: null
[INFO ] 2025-03-24 15:58:29.561 [TestNG-test-Firefox TestNgRunner Testng-1] WebDriverFactory - WebDriver closed.
Teardown: Browser closed.
]]></system-out>
    <system-err><![CDATA[Starting ChromeDriver 134.0.6998.165 (fd886e2cb29dd984c13deec032832dee68d8abe3-refs/branch-heads/6998@{#2122}) on port 62193
Only local connections are allowed.
Please see https://chromedriver.chromium.org/security-considerations for suggestions on keeping ChromeDriver safe.
ChromeDriver was started successfully on port 62193.
Mar 24, 2025 3:58:23 PM org.openqa.selenium.remote.ProtocolHandshake createSession
INFO: Detected dialect: W3C
Mar 24, 2025 3:58:23 PM org.openqa.selenium.devtools.CdpVersionFinder findNearestMatch
WARNING: Unable to find an exact match for CDP version 134, so returning the closest version found: 132
Mar 24, 2025 3:58:23 PM org.openqa.selenium.devtools.CdpVersionFinder findNearestMatch
INFO: Found CDP implementation for version 134 of 132
]]></system-err>
  </testcase>
  <testcase name="runScenario[&quot;Transfer fund to New Account&quot;, &quot;I open new account and transfer fund&quot;](3)" classname="testRunner.TestNgRunner" time="9.694">
    <system-out><![CDATA[
@registerTransferFunds @transferFunds
Scenario: Transfer fund to New Account                                                                                      # src/test/resources/features/03_TransferFund.feature:12
[INFO ] 2025-03-24 15:57:57.175 [TestNG-test-Chrome TestNgRunner Testng-1] WebDriverFactory - Initializing WebDriver for browser: chrome
[INFO ] 2025-03-24 15:57:57.856 [TestNG-test-Chrome TestNgRunner Testng-1] Loggerload - Register_App_URL
[INFO ] 2025-03-24 15:57:57.856 [TestNG-test-Chrome TestNgRunner Testng-1] RegisterStepDefinition - Opening ParaBank registration page: https://parabank.parasoft.com/parabank/register.htm
  Given I navigate to "<website>"                                                                                           # stepDefinitions.RegisterStepDefinition.i_navigate_to(java.lang.String)
Test passed
[INFO ] 2025-03-24 15:57:58.919 [TestNG-test-Chrome TestNgRunner Testng-1] RegisterStepDefinition - Filling user details on registration form
[INFO ] 2025-03-24 15:57:59.275 [TestNG-test-Chrome TestNgRunner Testng-1] RegisterStepDefinition - User details filled successfully
  Then I fill user details "<First Name>", "<Last Name>", "<Address>", "<City>", "<State>", "<ZipCode>", "<Phone>", "<SSN>" # stepDefinitions.RegisterStepDefinition.i_fill_user_details(java.lang.String,java.lang.String,java.lang.String,java.lang.String,java.lang.String,java.lang.String,java.lang.String,java.lang.String)
Test passed
[INFO ] 2025-03-24 15:57:59.575 [TestNG-test-Chrome TestNgRunner Testng-1] RegisterStepDefinition - Generating random credentials for registration
[INFO ] 2025-03-24 15:57:59.575 [TestNG-test-Chrome TestNgRunner Testng-1] RegisterStepDefinition - Generated Username: TestUser2304
[INFO ] 2025-03-24 15:57:59.575 [TestNG-test-Chrome TestNgRunner Testng-1] RegisterStepDefinition - Generated Password: Test@304
[INFO ] 2025-03-24 15:58:00.154 [TestNG-test-Chrome TestNgRunner Testng-1] RegisterStepDefinition - Entered credentials successfully: TestUser2304 / Test@304
  And I enter "<Username>", "<Password>", and "<Confirm Password>"                                                          # stepDefinitions.RegisterStepDefinition.i_enter_and(java.lang.String,java.lang.String,java.lang.String)
Test passed
[INFO ] 2025-03-24 15:58:00.482 [TestNG-test-Chrome TestNgRunner Testng-1] RegisterStepDefinition - Submitting registration form
[INFO ] 2025-03-24 15:58:00.482 [TestNG-test-Chrome TestNgRunner Testng-1] RegisterStepDefinition - Registration form submitted successfully.
  When I submit on Register button                                                                                          # stepDefinitions.RegisterStepDefinition.i_submit_on_register_button()
Test passed
[INFO ] 2025-03-24 15:58:00.781 [TestNG-test-Chrome TestNgRunner Testng-1] RegisterStepDefinition - Actual page title after registration: ParaBank | Customer Created
Welcome message is: Welcome TestUser2304
[INFO ] 2025-03-24 15:58:00.798 [TestNG-test-Chrome TestNgRunner Testng-1] RegisterStepDefinition - Registration success message: Welcome TestUser2304
Welcome message is: Your account was created successfully. You are now logged in.
[INFO ] 2025-03-24 15:58:00.812 [TestNG-test-Chrome TestNgRunner Testng-1] RegisterStepDefinition - Registration success message: Your account was created successfully. You are now logged in.
  Then I should be successfully navigated to the accounts page                                                              # stepDefinitions.RegisterStepDefinition.i_should_be_successfully_navigated_to_the_accounts_page()
Test passed
[INFO ] 2025-03-24 15:58:01.082 [TestNG-test-Chrome TestNgRunner Testng-1] AccountStepDefinition - Clicking on: Open New Account
  Given In front page I click "Open New Account"                                                                            # stepDefinitions.AccountStepDefinition.in_front_page_i_click(java.lang.String)
Test passed
[INFO ] 2025-03-24 15:58:01.619 [TestNG-test-Chrome TestNgRunner Testng-1] AccountStepDefinition - Navigated to account creation page
48753
$1000.00
$1000.00
Total
$1000.00
 
[INFO ] 2025-03-24 15:58:01.692 [TestNG-test-Chrome TestNgRunner Testng-1] AccountStepDefinition - Got all details of the account
  Then I should see the account creation page                                                                               # stepDefinitions.AccountStepDefinition.i_should_see_the_account_creation_page()
Test passed
[INFO ] 2025-03-24 15:58:01.947 [TestNG-test-Chrome TestNgRunner Testng-1] AccountStepDefinition - Opening a new bank account
[INFO ] 2025-03-24 15:58:02.116 [TestNG-test-Chrome TestNgRunner Testng-1] AccountStepDefinition - clicked open new account
  When I click open new account                                                                                             # stepDefinitions.AccountStepDefinition.i_click_open_new_account()
Test passed
[INFO ] 2025-03-24 15:58:02.517 [TestNG-test-Chrome TestNgRunner Testng-1] AccountStepDefinition - Selected account type: Savings
  Then I select account type                                                                                                # stepDefinitions.AccountStepDefinition.i_select_account_type()
Test passed
[INFO ] 2025-03-24 15:58:02.849 [TestNG-test-Chrome TestNgRunner Testng-1] AccountStepDefinition - Input deposit amount: 1000
  Then I enter deposit ammount                                                                                              # stepDefinitions.AccountStepDefinition.i_enter_deposit_ammount()
Test passed
[INFO ] 2025-03-24 15:58:03.175 [TestNG-test-Chrome TestNgRunner Testng-1] AccountStepDefinition - Opened new account form
[INFO ] 2025-03-24 15:58:03.180 [TestNG-test-Chrome TestNgRunner Testng-1] AccountStepDefinition - Account created successfully
  And I create new account                                                                                                  # stepDefinitions.AccountStepDefinition.i_create_new_account()
Test passed
[INFO ] 2025-03-24 15:58:03.477 [TestNG-test-Chrome TestNgRunner Testng-1] AccountStepDefinition - Account opened successfully
  Then I get success message for account creation                                                                           # stepDefinitions.AccountStepDefinition.i_get_success_message_for_account_creation()
Test passed
[INFO ] 2025-03-24 15:58:03.733 [TestNG-test-Chrome TestNgRunner Testng-1] TransferFundsStepDefinition - Clicking on Transfer Funds
  Given I click TransferFunds                                                                                               # stepDefinitions.TransferFundsStepDefinition.i_click_transfer_funds()
Test passed
[INFO ] 2025-03-24 15:58:04.286 [TestNG-test-Chrome TestNgRunner Testng-1] TransferFundsStepDefinition - Enter amount to transfer
  Then I enter amount to transfer                                                                                           # stepDefinitions.TransferFundsStepDefinition.i_enter_amount_to_transfer()
[...]
48975
$1000.00
$1000.00
Total
$1000.00
 
[INFO ] 2025-03-24 15:58:11.179 [TestNG-test-Chrome TestNgRunner Testng-1] AccountStepDefinition - Got all details of the account
  Then I should see the account creation page                                                                               # stepDefinitions.AccountStepDefinition.i_should_see_the_account_creation_page()
Test passed
[INFO ] 2025-03-24 15:58:11.549 [TestNG-test-Chrome TestNgRunner Testng-1] AccountStepDefinition - Opening a new bank account
[INFO ] 2025-03-24 15:58:11.760 [TestNG-test-Chrome TestNgRunner Testng-1] AccountStepDefinition - clicked open new account
  When I click open new account                                                                                             # stepDefinitions.AccountStepDefinition.i_click_open_new_account()
Test passed
[INFO ] 2025-03-24 15:58:12.171 [TestNG-test-Chrome TestNgRunner Testng-1] AccountStepDefinition - Selected account type: Savings
  Then I select account type                                                                                                # stepDefinitions.AccountStepDefinition.i_select_account_type()
Test passed
[INFO ] 2025-03-24 15:58:12.491 [TestNG-test-Chrome TestNgRunner Testng-1] AccountStepDefinition - Input deposit amount: 1000
  Then I enter deposit ammount                                                                                              # stepDefinitions.AccountStepDefinition.i_enter_deposit_ammount()
Test passed
[INFO ] 2025-03-24 15:58:12.805 [TestNG-test-Chrome TestNgRunner Testng-1] AccountStepDefinition - Opened new account form
[INFO ] 2025-03-24 15:58:12.808 [TestNG-test-Chrome TestNgRunner Testng-1] AccountStepDefinition - Account created successfully
  And I create new account                                                                                                  # stepDefinitions.AccountStepDefinition.i_create_new_account()
Test passed
[INFO ] 2025-03-24 15:58:13.107 [TestNG-test-Chrome TestNgRunner Testng-1] AccountStepDefinition - Account opened successfully
  Then I get success message for account creation                                                                           # stepDefinitions.AccountStepDefinition.i_get_success_message_for_account_creation()
Test passed
[INFO ] 2025-03-24 15:58:13.371 [TestNG-test-Chrome TestNgRunner Testng-1] RequestLoanStepDefinition - Clicking on Request Loan
[INFO ] 2025-03-24 15:58:13.578 [TestNG-test-Chrome TestNgRunner Testng-1] RequestLoanPage - Clicked on Request Loan
  Then I click request Loan                                                                                                 # stepDefinitions.RequestLoanStepDefinition.i_click_request_loan()
Test passed
[INFO ] 2025-03-24 15:58:13.864 [TestNG-test-Chrome TestNgRunner Testng-1] RequestLoanStepDefinition - Entering loan amount
[INFO ] 2025-03-24 15:58:13.905 [TestNG-test-Chrome TestNgRunner Testng-1] RequestLoanPage - Entered loan amount : 10000
  Then I enter loan amount                                                                                                  # stepDefinitions.RequestLoanStepDefinition.i_enter_loan_amount()
Test passed
[INFO ] 2025-03-24 15:58:14.183 [TestNG-test-Chrome TestNgRunner Testng-1] RequestLoanStepDefinition - Entering down payment amount
[INFO ] 2025-03-24 15:58:14.219 [TestNG-test-Chrome TestNgRunner Testng-1] RequestLoanPage - Entered down payment amount : 1000
  Then I enter down payment amount                                                                                          # stepDefinitions.RequestLoanStepDefinition.i_enter_down_payment_amount()
Test passed
[INFO ] 2025-03-24 15:58:14.527 [TestNG-test-Chrome TestNgRunner Testng-1] RequestLoanStepDefinition - Selecting From Account
Available options:
Clicked on the first option: 48975
[INFO ] 2025-03-24 15:58:14.565 [TestNG-test-Chrome TestNgRunner Testng-1] RequestLoanPage - Clicked on the first option: 48975
  Then I select From Account                                                                                                # stepDefinitions.RequestLoanStepDefinition.i_select_from_account()
Test passed
[INFO ] 2025-03-24 15:58:14.844 [TestNG-test-Chrome TestNgRunner Testng-1] RequestLoanStepDefinition - Submitting loan request
[INFO ] 2025-03-24 15:58:14.891 [TestNG-test-Chrome TestNgRunner Testng-1] RequestLoanPage - Clicked on Apply Now button
  Then I submit loan request                                                                                                # stepDefinitions.RequestLoanStepDefinition.i_submit_loan_request()
Test passed
Loan Status: Denied
[INFO ] 2025-03-24 15:58:15.205 [TestNG-test-Chrome TestNgRunner Testng-1] RequestLoanPage - Loan Status: Denied
Loan Denied
[INFO ] 2025-03-24 15:58:15.215 [TestNG-test-Chrome TestNgRunner Testng-1] RequestLoanPage - Loan Denied
[INFO ] 2025-03-24 15:58:15.224 [TestNG-test-Chrome TestNgRunner Testng-1] RequestLoanStepDefinition - Loan request denied
Loan Message: Loan Request Processed
[INFO ] 2025-03-24 15:58:15.246 [TestNG-test-Chrome TestNgRunner Testng-1] RequestLoanPage - Loan Message: Loan Request Processed
Loan Provider:
[INFO ] 2025-03-24 15:58:15.268 [TestNG-test-Chrome TestNgRunner Testng-1] RequestLoanPage - Loan Provider:
Wealth Securities Dynamic Loans (WSDL)
[INFO ] 2025-03-24 15:58:15.279 [TestNG-test-Chrome TestNgRunner Testng-1] RequestLoanPage - Wealth Securities Dynamic Loans (WSDL)
Date:
[INFO ] 2025-03-24 15:58:15.291 [TestNG-test-Chrome TestNgRunner Testng-1] RequestLoanPage - Date:
03-24-2025
[INFO ] 2025-03-24 15:58:15.302 [TestNG-test-Chrome TestNgRunner Testng-1] RequestLoanPage - 03-24-2025
Status:
[INFO ] 2025-03-24 15:58:15.313 [TestNG-test-Chrome TestNgRunner Testng-1] RequestLoanPage - Status:
Denied
[INFO ] 2025-03-24 15:58:15.323 [TestNG-test-Chrome TestNgRunner Testng-1] RequestLoanPage - Denied
Loan Status: Denied
[INFO ] 2025-03-24 15:58:15.334 [TestNG-test-Chrome TestNgRunner Testng-1] RequestLoanPage - Loan Status: Denied
Loan Denied
[INFO ] 2025-03-24 15:58:15.340 [TestNG-test-Chrome TestNgRunner Testng-1] RequestLoanPage - Loan Denied

[INFO ] 2025-03-24 15:58:15.360 [TestNG-test-Chrome TestNgRunner Testng-1] RequestLoanPage - 

[INFO ] 2025-03-24 15:58:15.365 [TestNG-test-Chrome TestNgRunner Testng-1] RequestLoanPage - 
  Then I should see the success message for loan approved                                                                   # stepDefinitions.RequestLoanStepDefinition.i_should_see_the_success_message_for_loan_approved()
Test passed
[INFO ] 2025-03-24 15:58:15.793 [TestNG-test-Chrome TestNgRunner Testng-1] WebDriverFactory - WebDriver initialized: null
[INFO ] 2025-03-24 15:58:15.794 [TestNG-test-Chrome TestNgRunner Testng-1] WebDriverFactory - WebDriver quit: null
[INFO ] 2025-03-24 15:58:15.794 [TestNG-test-Chrome TestNgRunner Testng-1] WebDriverFactory - WebDriver closed.
Teardown: Browser closed.
]]></system-out>
    <system-err><![CDATA[Starting ChromeDriver 134.0.6998.165 (fd886e2cb29dd984c13deec032832dee68d8abe3-refs/branch-heads/6998@{#2122}) on port 56343
Only local connections are allowed.
Please see https://chromedriver.chromium.org/security-considerations for suggestions on keeping ChromeDriver safe.
ChromeDriver was started successfully on port 56343.
Mar 24, 2025 3:58:07 PM org.openqa.selenium.remote.ProtocolHandshake createSession
INFO: Detected dialect: W3C
Mar 24, 2025 3:58:07 PM org.openqa.selenium.devtools.CdpVersionFinder findNearestMatch
WARNING: Unable to find an exact match for CDP version 134, so returning the closest version found: 132
Mar 24, 2025 3:58:07 PM org.openqa.selenium.devtools.CdpVersionFinder findNearestMatch
INFO: Found CDP implementation for version 134 of 132
]]></system-err>
  </testcase>
  <testcase name="runScenario[&quot;Open New Account and Apply for Loan&quot;, &quot;I request loan from the bank&quot;](4)" classname="testRunner.TestNgRunner" time="10.032">
    <system-out><![CDATA[
@registerRequestLoan @requestLoan
Scenario: Open New Account and Apply for Loan                                                                               # src/test/resources/features/04_RequestLoan.feature:12
[INFO ] 2025-03-24 15:58:39.646 [TestNG-test-Firefox TestNgRunner Testng-1] WebDriverFactory - Initializing WebDriver for browser: chrome
[INFO ] 2025-03-24 15:58:40.382 [TestNG-test-Firefox TestNgRunner Testng-1] Loggerload - Register_App_URL
[INFO ] 2025-03-24 15:58:40.384 [TestNG-test-Firefox TestNgRunner Testng-1] RegisterStepDefinition - Opening ParaBank registration page: https://parabank.parasoft.com/parabank/register.htm
  Given I navigate to "<website>"                                                                                           # stepDefinitions.RegisterStepDefinition.i_navigate_to(java.lang.String)
Test passed
[INFO ] 2025-03-24 15:58:41.600 [TestNG-test-Firefox TestNgRunner Testng-1] RegisterStepDefinition - Filling user details on registration form
[INFO ] 2025-03-24 15:58:42.045 [TestNG-test-Firefox TestNgRunner Testng-1] RegisterStepDefinition - User details filled successfully
  Then I fill user details "<First Name>", "<Last Name>", "<Address>", "<City>", "<State>", "<ZipCode>", "<Phone>", "<SSN>" # stepDefinitions.RegisterStepDefinition.i_fill_user_details(java.lang.String,java.lang.String,java.lang.String,java.lang.String,java.lang.String,java.lang.String,java.lang.String,java.lang.String)
Test passed
[INFO ] 2025-03-24 15:58:42.354 [TestNG-test-Firefox TestNgRunner Testng-1] RegisterStepDefinition - Generating random credentials for registration
[INFO ] 2025-03-24 15:58:42.354 [TestNG-test-Firefox TestNgRunner Testng-1] RegisterStepDefinition - Generated Username: TestUser8518
[INFO ] 2025-03-24 15:58:42.354 [TestNG-test-Firefox TestNgRunner Testng-1] RegisterStepDefinition - Generated Password: Test@366
[INFO ] 2025-03-24 15:58:42.779 [TestNG-test-Firefox TestNgRunner Testng-1] RegisterStepDefinition - Entered credentials successfully: TestUser8518 / Test@366
  And I enter "<Username>", "<Password>", and "<Confirm Password>"                                                          # stepDefinitions.RegisterStepDefinition.i_enter_and(java.lang.String,java.lang.String,java.lang.String)
Test passed
[INFO ] 2025-03-24 15:58:43.528 [TestNG-test-Firefox TestNgRunner Testng-1] RegisterStepDefinition - Submitting registration form
[INFO ] 2025-03-24 15:58:43.528 [TestNG-test-Firefox TestNgRunner Testng-1] RegisterStepDefinition - Registration form submitted successfully.
  When I submit on Register button                                                                                          # stepDefinitions.RegisterStepDefinition.i_submit_on_register_button()
Test passed
[INFO ] 2025-03-24 15:58:43.826 [TestNG-test-Firefox TestNgRunner Testng-1] RegisterStepDefinition - Actual page title after registration: ParaBank | Customer Created
Welcome message is: Welcome TestUser8518
[INFO ] 2025-03-24 15:58:43.844 [TestNG-test-Firefox TestNgRunner Testng-1] RegisterStepDefinition - Registration success message: Welcome TestUser8518
Welcome message is: Your account was created successfully. You are now logged in.
[INFO ] 2025-03-24 15:58:43.858 [TestNG-test-Firefox TestNgRunner Testng-1] RegisterStepDefinition - Registration success message: Your account was created successfully. You are now logged in.
  Then I should be successfully navigated to the accounts page                                                              # stepDefinitions.RegisterStepDefinition.i_should_be_successfully_navigated_to_the_accounts_page()
Test passed
[INFO ] 2025-03-24 15:58:44.120 [TestNG-test-Firefox TestNgRunner Testng-1] AccountStepDefinition - Clicking on: Open New Account
  Given In front page I click "Open New Account"                                                                            # stepDefinitions.AccountStepDefinition.in_front_page_i_click(java.lang.String)
Test passed
[INFO ] 2025-03-24 15:58:44.703 [TestNG-test-Firefox TestNgRunner Testng-1] AccountStepDefinition - Navigated to account creation page
49863
$1000.00
$1000.00
Total
$1000.00
 
[INFO ] 2025-03-24 15:58:44.829 [TestNG-test-Firefox TestNgRunner Testng-1] AccountStepDefinition - Got all details of the account
  Then I should see the account creation page                                                                               # stepDefinitions.AccountStepDefinition.i_should_see_the_account_creation_page()
Test passed
[INFO ] 2025-03-24 15:58:45.104 [TestNG-test-Firefox TestNgRunner Testng-1] AccountStepDefinition - Opening a new bank account
[INFO ] 2025-03-24 15:58:45.485 [TestNG-test-Firefox TestNgRunner Testng-1] AccountStepDefinition - clicked open new account
  When I click open new account                                                                                             # stepDefinitions.AccountStepDefinition.i_click_open_new_account()
Test passed
[INFO ] 2025-03-24 15:58:45.899 [TestNG-test-Firefox TestNgRunner Testng-1] AccountStepDefinition - Selected account type: Savings
  Then I select account type                                                                                                # stepDefinitions.AccountStepDefinition.i_select_account_type()
Test passed
[INFO ] 2025-03-24 15:58:46.261 [TestNG-test-Firefox TestNgRunner Testng-1] AccountStepDefinition - Input deposit amount: 1000
  Then I enter deposit ammount                                                                                              # stepDefinitions.AccountStepDefinition.i_enter_deposit_ammount()
Test passed
[INFO ] 2025-03-24 15:58:46.602 [TestNG-test-Firefox TestNgRunner Testng-1] AccountStepDefinition - Opened new account form
[INFO ] 2025-03-24 15:58:46.607 [TestNG-test-Firefox TestNgRunner Testng-1] AccountStepDefinition - Account created successfully
  And I create new account                                                                                                  # stepDefinitions.AccountStepDefinition.i_create_new_account()
Test passed
[INFO ] 2025-03-24 15:58:46.908 [TestNG-test-Firefox TestNgRunner Testng-1] AccountStepDefinition - Account opened successfully
  Then I get success message for account creation                                                                           # stepDefinitions.AccountStepDefinition.i_get_success_message_for_account_creation()
Test passed
[INFO ] 2025-03-24 15:58:47.236 [TestNG-test-Firefox TestNgRunner Testng-1] RequestLoanStepDefinition - Clicking on Request Loan
[INFO ] 2025-03-24 15:58:47.407 [TestNG-test-Firefox TestNgRunner Testng-1] RequestLoanPage - Clicked on Request Loan
  Then I click request Loan                                                                                                 # stepDefinitions.RequestLoanStepDefinition.i_click_request_loan()
Test passed
[INFO ] 2025-03-24 15:58:47.727 [TestNG-test-Firefox TestNgRunner Testng-1] RequestLoanStepDefinition - Entering loan amount
[INFO ] 2025-03-24 15:58:47.766 [TestNG-test-Firefox TestNgRunner Testng-1] RequestLoanPage - Entered loan amount : 10000
  Then I enter loan amount                                                                                                  # stepDefinitions.RequestLoanStepDefinition.i_enter_loan_amount()
Test passed
[INFO ] 2025-03-24 15:58:48.050 [TestNG-test-Firefox TestNgRunner Testng-1] RequestLoanStepDefinition - Entering down payment amount
[INFO ] 2025-03-24 15:58:48.103 [TestNG-test-Firefox TestNgRunner Testng-1] RequestLoanPage - Entered down payment amount : 1000
  Then I enter down payment amount                                                                                          # stepDefinitions.RequestLoanStepDefinition.i_enter_down_payment_amount()
Test passed
[INFO ] 2025-03-24 15:58:48.412 [TestNG-test-Firefox TestNgRunner Testng-1] RequestLoanStepDefinition - Selecting From Account
Available options:
Clicked on the first option: 49863
[INFO ] 2025-03-24 15:58:48.463 [TestNG-test-Firefox TestNgRunner Testng-1] RequestLoanPage - Clicked on the first option: 49863
  Then I select From Account                                                                                                # stepDefinitions.RequestLoanStepDefinition.i_select_from_account()
Test passed
[INFO ] 2025-03-24 15:58:48.798 [TestNG-test-Firefox TestNgRunner Testng-1] RequestLoanStepDefinition - Submitting loan request
[INFO ] 2025-03-24 15:58:48.852 [TestNG-test-Firefox TestNgRunner Testng-1] RequestLoanPage - Clicked on Apply Now button
  Then I submit loan request                                                                                                # stepDefinitions.RequestLoanStepDefinition.i_submit_loan_request()
Test passed
Loan Status: Denied
[INFO ] 2025-03-24 15:58:49.167 [TestNG-test-Firefox TestNgRunner Testng-1] RequestLoanPage - Loan Status: Denied
Loan Denied
[INFO ] 2025-03-24 15:58:49.172 [TestNG-test-Firefox TestNgRunner Testng-1] RequestLoanPage - Loan Denied
[INFO ] 2025-03-24 15:58:49.178 [TestNG-test-Firefox TestNgRunner Testng-1] RequestLoanStepDefinition - Loan request denied
Loan Message: Loan Request Processed
[INFO ] 2025-03-24 15:58:49.196 [TestNG-test-Firefox TestNgRunner Testng-1] RequestLoanPage - Loan Message: Loan Request Processed
Loan Provider:
[INFO ] 2025-03-24 15:58:49.215 [TestNG-test-Firefox TestNgRunner Testng-1] RequestLoanPage - Loan Provider:
Wealth Securities Dynamic Loans (WSDL)
[INFO ] 2025-03-24 15:58:49.225 [TestNG-test-Firefox TestNgRunner Testng-1] RequestLoanPage - Wealth Securities Dynamic Loans (WSDL)
Date:
[INFO ] 2025-03-24 15:58:49.236 [TestNG-test-Firefox TestNgRunner Testng-1] RequestLoanPage - Date:
03-24-2025
[INFO ] 2025-03-24 15:58:49.247 [TestNG-test-Firefox TestNgRunner Testng-1] RequestLoanPage - 03-24-2025
Status:
[INFO ] 2025-03-24 15:58:49.257 [TestNG-test-Firefox TestNgRunner Testng-1] RequestLoanPage - Status:
Denied
[INFO ] 2025-03-24 15:58:49.267 [TestNG-test-Firefox TestNgRunner Testng-1] RequestLoanPage - Denied
Loan Status: Denied
[INFO ] 2025-03-24 15:58:49.276 [TestNG-test-Firefox TestNgRunner Testng-1] RequestLoanPage - Loan Status: Denied
Loan Denied
[INFO ] 2025-03-24 15:58:49.281 [TestNG-test-Firefox TestNgRunner Testng-1] RequestLoanPage - Loan Denied

[INFO ] 2025-03-24 15:58:49.299 [TestNG-test-Firefox TestNgRunner Testng-1] RequestLoanPage - 

[INFO ] 2025-03-24 15:58:49.305 [TestNG-test-Firefox TestNgRunner Testng-1] RequestLoanPage - 
  Then I should see the success message for loan approved                                                                   # stepDefinitions.RequestLoanStepDefinition.i_should_see_the_success_message_for_loan_approved()
Test passed
[INFO ] 2025-03-24 15:58:49.670 [TestNG-test-Firefox TestNgRunner Testng-1] WebDriverFactory - WebDriver initialized: null
[INFO ] 2025-03-24 15:58:49.671 [TestNG-test-Firefox TestNgRunner Testng-1] WebDriverFactory - WebDriver quit: null
[INFO ] 2025-03-24 15:58:49.671 [TestNG-test-Firefox TestNgRunner Testng-1] WebDriverFactory - WebDriver closed.
Teardown: Browser closed.
]]></system-out>
    <system-err><![CDATA[Starting ChromeDriver 134.0.6998.165 (fd886e2cb29dd984c13deec032832dee68d8abe3-refs/branch-heads/6998@{#2122}) on port 52765
Only local connections are allowed.
Please see https://chromedriver.chromium.org/security-considerations for suggestions on keeping ChromeDriver safe.
ChromeDriver was started successfully on port 52765.
Mar 24, 2025 3:58:40 PM org.openqa.selenium.remote.ProtocolHandshake createSession
INFO: Detected dialect: W3C
Mar 24, 2025 3:58:40 PM org.openqa.selenium.devtools.CdpVersionFinder findNearestMatch
WARNING: Unable to find an exact match for CDP version 134, so returning the closest version found: 132
Mar 24, 2025 3:58:40 PM org.openqa.selenium.devtools.CdpVersionFinder findNearestMatch
INFO: Found CDP implementation for version 134 of 132
]]></system-err>
  </testcase>
</testsuite>