<?xml version="1.0" encoding="UTF-8"?>
<!-- Generated by org.testng.reporters.JUnitXMLReporter -->
<testsuite ignored="0" hostname="Reka" failures="0" tests="4" name="Edge TestNgRunner Testng" time="0.06" errors="0" timestamp="2025-03-24T11:15:22 CDT">
  <testcase classname="testRunner.TestNgRunner" name="runScenario" time="0.003"/>
  <testcase classname="testRunner.TestNgRunner" name="runScenario" time="0.003"/>
  <testcase classname="testRunner.TestNgRunner" name="runScenario" time="0.003"/>
  <testcase classname="testRunner.TestNgRunner" name="runScenario" time="0.003"/>
</testsuite> <!-- Edge TestNgRunner Testng -->
